[ 2016-07-29T10:25:06+08:00 ] 127.0.0.1 /xs/index.php/Home/Book/getRadomBook.html
WARN: ajax请求数据失败,错误原因:为传递post信息
[ 2016-07-29T10:25:06+08:00 ] 127.0.0.1 /xs/index.php/Home/Book/getRadomBook.html
INFO: [ app_begin ] --START--
INFO: Run Behavior\ReadHtmlCacheBehavior [ RunTime:0.001000s ]
INFO: [ app_begin ] --END-- [ RunTime:0.002000s ]
NOTIC: [8] Undefined index: bookType F:\web\xs\Home\Controller\BookController.class.php 第 46 行.
INFO: [ app_end ] --START--
INFO: Run Behavior\ShowPageTraceBehavior [ RunTime:0.000000s ]
INFO: [ app_end ] --END-- [ RunTime:0.001000s ]

[ 2016-07-29T10:25:41+08:00 ] 127.0.0.1 /xs/index.php/Home/Book/getRadomBook.html
WARN: ajax请求数据失败,错误原因:为传递post信息
[ 2016-07-29T10:25:41+08:00 ] 127.0.0.1 /xs/index.php/Home/Book/getRadomBook.html
INFO: [ app_begin ] --START--
INFO: Run Behavior\ReadHtmlCacheBehavior [ RunTime:0.001000s ]
INFO: [ app_begin ] --END-- [ RunTime:0.001000s ]
NOTIC: [8] Undefined index: bookType F:\web\xs\Home\Controller\BookController.class.php 第 46 行.
INFO: [ app_end ] --START--
INFO: Run Behavior\ShowPageTraceBehavior [ RunTime:0.000000s ]
INFO: [ app_end ] --END-- [ RunTime:0.000000s ]

[ 2016-07-29T10:25:46+08:00 ] 127.0.0.1 /xs/index.php/Home/Book/getRadomBook.html
WARN: ajax请求数据失败,错误原因:为传递post信息
[ 2016-07-29T10:25:46+08:00 ] 127.0.0.1 /xs/index.php/Home/Book/getRadomBook.html
INFO: [ app_begin ] --START--
INFO: Run Behavior\ReadHtmlCacheBehavior [ RunTime:0.000000s ]
INFO: [ app_begin ] --END-- [ RunTime:0.001000s ]
NOTIC: [8] Undefined index: bookType F:\web\xs\Home\Controller\BookController.class.php 第 46 行.
INFO: [ app_end ] --START--
INFO: Run Behavior\ShowPageTraceBehavior [ RunTime:0.000000s ]
INFO: [ app_end ] --END-- [ RunTime:0.000000s ]

[ 2016-07-29T10:25:50+08:00 ] 127.0.0.1 /xs/index.php/Home/Book/getRadomBook.html
WARN: ajax请求数据失败,错误原因:为传递post信息
[ 2016-07-29T10:25:50+08:00 ] 127.0.0.1 /xs/index.php/Home/Book/getRadomBook.html
INFO: [ app_begin ] --START--
INFO: Run Behavior\ReadHtmlCacheBehavior [ RunTime:0.001000s ]
INFO: [ app_begin ] --END-- [ RunTime:0.001000s ]
NOTIC: [8] Undefined index: bookType F:\web\xs\Home\Controller\BookController.class.php 第 46 行.
INFO: [ app_end ] --START--
INFO: Run Behavior\ShowPageTraceBehavior [ RunTime:0.000000s ]
INFO: [ app_end ] --END-- [ RunTime:0.000000s ]

[ 2016-07-29T10:25:57+08:00 ] 127.0.0.1 /xs/index.php/Home/Book/getRadomBook.html
WARN: ajax请求数据失败,错误原因:为传递post信息
[ 2016-07-29T10:25:57+08:00 ] 127.0.0.1 /xs/index.php/Home/Book/getRadomBook.html
INFO: [ app_begin ] --START--
INFO: Run Behavior\ReadHtmlCacheBehavior [ RunTime:0.000000s ]
INFO: [ app_begin ] --END-- [ RunTime:0.000000s ]
NOTIC: [8] Undefined index: bookType F:\web\xs\Home\Controller\BookController.class.php 第 46 行.
INFO: [ app_end ] --START--
INFO: Run Behavior\ShowPageTraceBehavior [ RunTime:0.000000s ]
INFO: [ app_end ] --END-- [ RunTime:0.001000s ]

[ 2016-07-29T10:26:12+08:00 ] 127.0.0.1 /xs/index.php/Home/Book/getRadomBook.html
WARN: ajax请求数据失败,错误原因:为传递post信息
[ 2016-07-29T10:26:12+08:00 ] 127.0.0.1 /xs/index.php/Home/Book/getRadomBook.html
INFO: [ app_begin ] --START--
INFO: Run Behavior\ReadHtmlCacheBehavior [ RunTime:0.001000s ]
INFO: [ app_begin ] --END-- [ RunTime:0.001000s ]
NOTIC: [8] Undefined index: bookType F:\web\xs\Home\Controller\BookController.class.php 第 46 行.
INFO: [ app_end ] --START--
INFO: Run Behavior\ShowPageTraceBehavior [ RunTime:0.001000s ]
INFO: [ app_end ] --END-- [ RunTime:0.001000s ]

[ 2016-07-29T10:26:23+08:00 ] 127.0.0.1 /xs/index.php/Home/Book/getRadomBook.html
WARN: ajax请求数据失败,错误原因:为传递post信息
[ 2016-07-29T10:26:23+08:00 ] 127.0.0.1 /xs/index.php/Home/Book/getRadomBook.html
INFO: [ app_begin ] --START--
INFO: Run Behavior\ReadHtmlCacheBehavior [ RunTime:0.000000s ]
INFO: [ app_begin ] --END-- [ RunTime:0.000000s ]
NOTIC: [8] Undefined index: bookType F:\web\xs\Home\Controller\BookController.class.php 第 46 行.
INFO: [ app_end ] --START--
INFO: Run Behavior\ShowPageTraceBehavior [ RunTime:0.000000s ]
INFO: [ app_end ] --END-- [ RunTime:0.000000s ]

[ 2016-07-29T10:27:04+08:00 ] 127.0.0.1 /xs/index.php/Home/Book/getRadomBook.html
INFO: [ app_begin ] --START--
INFO: Run Behavior\ReadHtmlCacheBehavior [ RunTime:0.000000s ]
INFO: [ app_begin ] --END-- [ RunTime:0.001000s ]
SQL: SHOW COLUMNS FROM `xs_book` [ RunTime:0.0050s ]
SQL: SHOW COLUMNS FROM `xs_book` [ RunTime:0.0020s ]
SQL: SELECT `id`,`book_img`,`book_name`,`book_len`,`book_type` FROM `xs_book` WHERE ( book_type = '都市生活' ) ORDER BY rand() LIMIT 3   [ RunTime:0.0010s ]

[ 2016-07-29T10:33:22+08:00 ] 127.0.0.1 /xs/index.php/Home/Book/getRadomBook.html
INFO: [ app_begin ] --START--
INFO: Run Behavior\ReadHtmlCacheBehavior [ RunTime:0.000000s ]
INFO: [ app_begin ] --END-- [ RunTime:0.001000s ]
SQL: SHOW COLUMNS FROM `xs_book` [ RunTime:0.0020s ]
SQL: SHOW COLUMNS FROM `xs_book` [ RunTime:0.0020s ]
SQL: SELECT `id`,`book_img`,`book_name`,`book_len`,`book_type` FROM `xs_book` WHERE ( book_type = '都市生活' ) ORDER BY rand() LIMIT 3   [ RunTime:0.0010s ]

[ 2016-07-29T10:35:45+08:00 ] 127.0.0.1 /xs/index.php/Home/Book/getRadomBook.html
INFO: [ app_begin ] --START--
INFO: Run Behavior\ReadHtmlCacheBehavior [ RunTime:0.001000s ]
INFO: [ app_begin ] --END-- [ RunTime:0.001000s ]
SQL: SHOW COLUMNS FROM `xs_book` [ RunTime:0.0050s ]
SQL: SHOW COLUMNS FROM `xs_book` [ RunTime:0.0020s ]
SQL: SELECT `id`,`book_img`,`book_name`,`book_len`,`book_type` FROM `xs_book` WHERE ( book_type = '都市生活' ) ORDER BY rand() LIMIT 3   [ RunTime:0.0010s ]

[ 2016-07-29T10:35:51+08:00 ] 127.0.0.1 /xs/index.php/Home/Book/getRadomBook.html
INFO: [ app_begin ] --START--
INFO: Run Behavior\ReadHtmlCacheBehavior [ RunTime:0.000000s ]
INFO: [ app_begin ] --END-- [ RunTime:0.000000s ]
SQL: SHOW COLUMNS FROM `xs_book` [ RunTime:0.0010s ]
SQL: SHOW COLUMNS FROM `xs_book` [ RunTime:0.0010s ]
SQL: SELECT `id`,`book_img`,`book_name`,`book_len`,`book_type` FROM `xs_book` WHERE ( book_type = '都市生活' ) ORDER BY rand() LIMIT 3   [ RunTime:0.0010s ]

[ 2016-07-29T10:36:04+08:00 ] 127.0.0.1 /xs/index.php/Home/Book/getRadomBook.html
INFO: [ app_begin ] --START--
INFO: Run Behavior\ReadHtmlCacheBehavior [ RunTime:0.000000s ]
INFO: [ app_begin ] --END-- [ RunTime:0.001000s ]
SQL: SHOW COLUMNS FROM `xs_book` [ RunTime:0.0020s ]
SQL: SHOW COLUMNS FROM `xs_book` [ RunTime:0.0010s ]
SQL: SELECT `id`,`book_img`,`book_name`,`book_len`,`book_type` FROM `xs_book` WHERE ( book_type = '都市生活' ) ORDER BY rand() LIMIT 3   [ RunTime:0.0000s ]

[ 2016-07-29T10:36:20+08:00 ] 127.0.0.1 /xs/index.php/Home/Book/getRadomBook.html
INFO: [ app_begin ] --START--
INFO: Run Behavior\ReadHtmlCacheBehavior [ RunTime:0.000000s ]
INFO: [ app_begin ] --END-- [ RunTime:0.001000s ]
SQL: SHOW COLUMNS FROM `xs_book` [ RunTime:0.0020s ]
SQL: SHOW COLUMNS FROM `xs_book` [ RunTime:0.0010s ]
SQL: SELECT `id`,`book_img`,`book_name`,`book_len`,`book_type` FROM `xs_book` WHERE ( book_type = '都市生活' ) ORDER BY rand() LIMIT 3   [ RunTime:0.0000s ]

[ 2016-07-29T10:36:39+08:00 ] 127.0.0.1 /xs/index.php/Home/Book/getRadomBook.html
INFO: [ app_begin ] --START--
INFO: Run Behavior\ReadHtmlCacheBehavior [ RunTime:0.000000s ]
INFO: [ app_begin ] --END-- [ RunTime:0.000000s ]
SQL: SHOW COLUMNS FROM `xs_book` [ RunTime:0.0010s ]
SQL: SHOW COLUMNS FROM `xs_book` [ RunTime:0.0010s ]
SQL: SELECT `id`,`book_img`,`book_name`,`book_len`,`book_type` FROM `xs_book` WHERE ( book_type = '都市生活' ) ORDER BY rand() LIMIT 3   [ RunTime:0.0000s ]

[ 2016-07-29T10:36:42+08:00 ] 127.0.0.1 /xs/index.php/Home/Book/getRadomBook.html
INFO: [ app_begin ] --START--
INFO: Run Behavior\ReadHtmlCacheBehavior [ RunTime:0.000000s ]
INFO: [ app_begin ] --END-- [ RunTime:0.001001s ]
SQL: SHOW COLUMNS FROM `xs_book` [ RunTime:0.0010s ]
SQL: SHOW COLUMNS FROM `xs_book` [ RunTime:0.0010s ]
SQL: SELECT `id`,`book_img`,`book_name`,`book_len`,`book_type` FROM `xs_book` WHERE ( book_type = '都市生活' ) ORDER BY rand() LIMIT 3   [ RunTime:0.0010s ]

[ 2016-07-29T10:36:51+08:00 ] 127.0.0.1 /xs/index.php/Home/Book/getRadomBook.html
INFO: [ app_begin ] --START--
INFO: Run Behavior\ReadHtmlCacheBehavior [ RunTime:0.000000s ]
INFO: [ app_begin ] --END-- [ RunTime:0.001001s ]
SQL: SHOW COLUMNS FROM `xs_book` [ RunTime:0.0010s ]
SQL: SHOW COLUMNS FROM `xs_book` [ RunTime:0.0010s ]
SQL: SELECT `id`,`book_img`,`book_name`,`book_len`,`book_type` FROM `xs_book` WHERE ( book_type = '都市生活' ) ORDER BY rand() LIMIT 3   [ RunTime:0.0000s ]

[ 2016-07-29T10:37:33+08:00 ] 127.0.0.1 /xs/index.php/Home/Book/getRadomBook.html
INFO: [ app_begin ] --START--
INFO: Run Behavior\ReadHtmlCacheBehavior [ RunTime:0.000000s ]
INFO: [ app_begin ] --END-- [ RunTime:0.000000s ]
SQL: SHOW COLUMNS FROM `xs_book` [ RunTime:0.0020s ]
SQL: SHOW COLUMNS FROM `xs_book` [ RunTime:0.0020s ]
SQL: SELECT `id`,`book_img`,`book_name`,`book_len`,`book_type` FROM `xs_book` WHERE ( book_type = '都市生活' ) ORDER BY rand() LIMIT 3   [ RunTime:0.0000s ]

[ 2016-07-29T10:39:42+08:00 ] 127.0.0.1 /xs/index.php/Home/Book/getRadomBook.html
INFO: [ app_begin ] --START--
INFO: Run Behavior\ReadHtmlCacheBehavior [ RunTime:0.000000s ]
INFO: [ app_begin ] --END-- [ RunTime:0.000000s ]
SQL: SHOW COLUMNS FROM `xs_book` [ RunTime:0.0020s ]
SQL: SHOW COLUMNS FROM `xs_book` [ RunTime:0.0010s ]
SQL: SELECT `id`,`book_img`,`book_name`,`book_len`,`book_type` FROM `xs_book` WHERE ( book_type = '都市生活' ) ORDER BY rand() LIMIT 3   [ RunTime:0.0000s ]

[ 2016-07-29T10:39:44+08:00 ] 127.0.0.1 /xs/index.php/Home/Book/getRadomBook.html
INFO: [ app_begin ] --START--
INFO: Run Behavior\ReadHtmlCacheBehavior [ RunTime:0.000000s ]
INFO: [ app_begin ] --END-- [ RunTime:0.001000s ]
SQL: SHOW COLUMNS FROM `xs_book` [ RunTime:0.0020s ]
SQL: SHOW COLUMNS FROM `xs_book` [ RunTime:0.0010s ]
SQL: SELECT `id`,`book_img`,`book_name`,`book_len`,`book_type` FROM `xs_book` WHERE ( book_type = '都市生活' ) ORDER BY rand() LIMIT 3   [ RunTime:0.0010s ]

[ 2016-07-29T10:40:50+08:00 ] 127.0.0.1 /xs/index.php/Home/Book/getRadomBook.html
INFO: [ app_begin ] --START--
INFO: Run Behavior\ReadHtmlCacheBehavior [ RunTime:0.000000s ]
INFO: [ app_begin ] --END-- [ RunTime:0.001000s ]
SQL: SHOW COLUMNS FROM `xs_book` [ RunTime:0.0020s ]
SQL: SHOW COLUMNS FROM `xs_book` [ RunTime:0.0020s ]
SQL: SELECT `id`,`book_img`,`book_name`,`book_len`,`book_type` FROM `xs_book` WHERE ( book_type = '都市生活' ) ORDER BY rand() LIMIT 3   [ RunTime:0.0010s ]

[ 2016-07-29T10:40:53+08:00 ] 127.0.0.1 /xs/index.php/Home/Book/getRadomBook.html
INFO: [ app_begin ] --START--
INFO: Run Behavior\ReadHtmlCacheBehavior [ RunTime:0.001000s ]
INFO: [ app_begin ] --END-- [ RunTime:0.001000s ]
SQL: SHOW COLUMNS FROM `xs_book` [ RunTime:0.0020s ]
SQL: SHOW COLUMNS FROM `xs_book` [ RunTime:0.0010s ]
SQL: SELECT `id`,`book_img`,`book_name`,`book_len`,`book_type` FROM `xs_book` WHERE ( book_type = '都市生活' ) ORDER BY rand() LIMIT 3   [ RunTime:0.0000s ]

[ 2016-07-29T10:41:13+08:00 ] 127.0.0.1 /xs/index.php/Home/Book/getRadomBook.html
INFO: [ app_begin ] --START--
INFO: Run Behavior\ReadHtmlCacheBehavior [ RunTime:0.001000s ]
INFO: [ app_begin ] --END-- [ RunTime:0.001000s ]
SQL: SHOW COLUMNS FROM `xs_book` [ RunTime:0.0030s ]
SQL: SHOW COLUMNS FROM `xs_book` [ RunTime:0.0030s ]
SQL: SELECT `id`,`book_img`,`book_name`,`book_len`,`book_type` FROM `xs_book` WHERE ( book_type = '都市生活' ) ORDER BY rand() LIMIT 3   [ RunTime:0.0030s ]

[ 2016-07-29T10:41:15+08:00 ] 127.0.0.1 /xs/index.php/Home/Book/getRadomBook.html
INFO: [ app_begin ] --START--
INFO: Run Behavior\ReadHtmlCacheBehavior [ RunTime:0.000000s ]
INFO: [ app_begin ] --END-- [ RunTime:0.000000s ]
SQL: SHOW COLUMNS FROM `xs_book` [ RunTime:0.0010s ]
SQL: SHOW COLUMNS FROM `xs_book` [ RunTime:0.0010s ]
SQL: SELECT `id`,`book_img`,`book_name`,`book_len`,`book_type` FROM `xs_book` WHERE ( book_type = '都市生活' ) ORDER BY rand() LIMIT 3   [ RunTime:0.0010s ]

[ 2016-07-29T10:41:18+08:00 ] 127.0.0.1 /xs/index.php/Home/Book/getRadomBook.html
INFO: [ app_begin ] --START--
INFO: Run Behavior\ReadHtmlCacheBehavior [ RunTime:0.001000s ]
INFO: [ app_begin ] --END-- [ RunTime:0.001000s ]
SQL: SHOW COLUMNS FROM `xs_book` [ RunTime:0.0020s ]
SQL: SHOW COLUMNS FROM `xs_book` [ RunTime:0.0010s ]
SQL: SELECT `id`,`book_img`,`book_name`,`book_len`,`book_type` FROM `xs_book` WHERE ( book_type = '都市生活' ) ORDER BY rand() LIMIT 3   [ RunTime:0.0000s ]

[ 2016-07-29T10:41:32+08:00 ] 127.0.0.1 /xs/index.php/Home/Book/getRadomBook.html
INFO: [ app_begin ] --START--
INFO: Run Behavior\ReadHtmlCacheBehavior [ RunTime:0.000000s ]
INFO: [ app_begin ] --END-- [ RunTime:0.001000s ]
SQL: SHOW COLUMNS FROM `xs_book` [ RunTime:0.0020s ]
SQL: SHOW COLUMNS FROM `xs_book` [ RunTime:0.0010s ]
SQL: SELECT `id`,`book_img`,`book_name`,`book_len`,`book_type` FROM `xs_book` WHERE ( book_type = '都市生活' ) ORDER BY rand() LIMIT 3   [ RunTime:0.0010s ]

[ 2016-07-29T10:41:34+08:00 ] 127.0.0.1 /xs/index.php/Home/Book/getRadomBook.html
INFO: [ app_begin ] --START--
INFO: Run Behavior\ReadHtmlCacheBehavior [ RunTime:0.000000s ]
INFO: [ app_begin ] --END-- [ RunTime:0.000000s ]
SQL: SHOW COLUMNS FROM `xs_book` [ RunTime:0.0010s ]
SQL: SHOW COLUMNS FROM `xs_book` [ RunTime:0.0010s ]
SQL: SELECT `id`,`book_img`,`book_name`,`book_len`,`book_type` FROM `xs_book` WHERE ( book_type = '都市生活' ) ORDER BY rand() LIMIT 3   [ RunTime:0.0000s ]

[ 2016-07-29T10:41:35+08:00 ] 127.0.0.1 /xs/index.php/Home/Book/getRadomBook.html
INFO: [ app_begin ] --START--
INFO: Run Behavior\ReadHtmlCacheBehavior [ RunTime:0.002000s ]
INFO: [ app_begin ] --END-- [ RunTime:0.002000s ]
SQL: SHOW COLUMNS FROM `xs_book` [ RunTime:0.0030s ]
SQL: SHOW COLUMNS FROM `xs_book` [ RunTime:0.0020s ]
SQL: SELECT `id`,`book_img`,`book_name`,`book_len`,`book_type` FROM `xs_book` WHERE ( book_type = '都市生活' ) ORDER BY rand() LIMIT 3   [ RunTime:0.0000s ]

[ 2016-07-29T10:41:39+08:00 ] 127.0.0.1 /xs/index.php/Home/Book/getRadomBook.html
INFO: [ app_begin ] --START--
INFO: Run Behavior\ReadHtmlCacheBehavior [ RunTime:0.000000s ]
INFO: [ app_begin ] --END-- [ RunTime:0.001000s ]
SQL: SHOW COLUMNS FROM `xs_book` [ RunTime:0.0020s ]
SQL: SHOW COLUMNS FROM `xs_book` [ RunTime:0.0010s ]
SQL: SELECT `id`,`book_img`,`book_name`,`book_len`,`book_type` FROM `xs_book` WHERE ( book_type = '都市生活' ) ORDER BY rand() LIMIT 3   [ RunTime:0.0010s ]

[ 2016-07-29T10:41:52+08:00 ] 127.0.0.1 /xs/index.php/Home/Book/getRadomBook.html
INFO: [ app_begin ] --START--
INFO: Run Behavior\ReadHtmlCacheBehavior [ RunTime:0.000000s ]
INFO: [ app_begin ] --END-- [ RunTime:0.000000s ]
SQL: SHOW COLUMNS FROM `xs_book` [ RunTime:0.0010s ]
SQL: SHOW COLUMNS FROM `xs_book` [ RunTime:0.0020s ]
SQL: SELECT `id`,`book_img`,`book_name`,`book_len`,`book_type` FROM `xs_book` WHERE ( book_type = '都市生活' ) ORDER BY rand() LIMIT 3   [ RunTime:0.0000s ]

[ 2016-07-29T10:42:29+08:00 ] 127.0.0.1 /xs/index.php/Home/Book/getRadomBook.html
INFO: [ app_begin ] --START--
INFO: Run Behavior\ReadHtmlCacheBehavior [ RunTime:0.001000s ]
INFO: [ app_begin ] --END-- [ RunTime:0.001000s ]
SQL: SHOW COLUMNS FROM `xs_book` [ RunTime:0.0010s ]
SQL: SHOW COLUMNS FROM `xs_book` [ RunTime:0.0010s ]
SQL: SELECT `id`,`book_img`,`book_name`,`book_len`,`book_type` FROM `xs_book` WHERE ( book_type = '都市生活' ) ORDER BY rand() LIMIT 3   [ RunTime:0.0000s ]

[ 2016-07-29T10:42:34+08:00 ] 127.0.0.1 /xs/index.php/Home/Book/getRadomBook.html
INFO: [ app_begin ] --START--
INFO: Run Behavior\ReadHtmlCacheBehavior [ RunTime:0.000000s ]
INFO: [ app_begin ] --END-- [ RunTime:0.000000s ]
SQL: SHOW COLUMNS FROM `xs_book` [ RunTime:0.0020s ]
SQL: SHOW COLUMNS FROM `xs_book` [ RunTime:0.0010s ]
SQL: SELECT `id`,`book_img`,`book_name`,`book_len`,`book_type` FROM `xs_book` WHERE ( book_type = '都市生活' ) ORDER BY rand() LIMIT 3   [ RunTime:0.0010s ]

[ 2016-07-29T10:42:48+08:00 ] 127.0.0.1 /xs/index.php/Home/Book/getRadomBook.html
INFO: [ app_begin ] --START--
INFO: Run Behavior\ReadHtmlCacheBehavior [ RunTime:0.000000s ]
INFO: [ app_begin ] --END-- [ RunTime:0.001000s ]
SQL: SHOW COLUMNS FROM `xs_book` [ RunTime:0.0010s ]
SQL: SHOW COLUMNS FROM `xs_book` [ RunTime:0.0010s ]
SQL: SELECT `id`,`book_img`,`book_name`,`book_len`,`book_type` FROM `xs_book` WHERE ( book_type = '都市生活' ) ORDER BY rand() LIMIT 3   [ RunTime:0.0000s ]

[ 2016-07-29T10:42:49+08:00 ] 127.0.0.1 /xs/index.php/Home/Book/getRadomBook.html
INFO: [ app_begin ] --START--
INFO: Run Behavior\ReadHtmlCacheBehavior [ RunTime:0.001000s ]
INFO: [ app_begin ] --END-- [ RunTime:0.001000s ]
SQL: SHOW COLUMNS FROM `xs_book` [ RunTime:0.0030s ]
SQL: SHOW COLUMNS FROM `xs_book` [ RunTime:0.0040s ]
SQL: SELECT `id`,`book_img`,`book_name`,`book_len`,`book_type` FROM `xs_book` WHERE ( book_type = '都市生活' ) ORDER BY rand() LIMIT 3   [ RunTime:0.0000s ]

[ 2016-07-29T10:43:15+08:00 ] 127.0.0.1 /xs/index.php/Home/Book/getRadomBook.html
INFO: [ app_begin ] --START--
INFO: Run Behavior\ReadHtmlCacheBehavior [ RunTime:0.000000s ]
INFO: [ app_begin ] --END-- [ RunTime:0.000000s ]
SQL: SHOW COLUMNS FROM `xs_book` [ RunTime:0.0010s ]
SQL: SHOW COLUMNS FROM `xs_book` [ RunTime:0.0010s ]
SQL: SELECT `id`,`book_img`,`book_name`,`book_len`,`book_type` FROM `xs_book` WHERE ( book_type = '都市生活' ) ORDER BY rand() LIMIT 3   [ RunTime:0.0010s ]

[ 2016-07-29T10:43:22+08:00 ] 127.0.0.1 /xs/index.php/Home/Book/getRadomBook.html
INFO: [ app_begin ] --START--
INFO: Run Behavior\ReadHtmlCacheBehavior [ RunTime:0.000000s ]
INFO: [ app_begin ] --END-- [ RunTime:0.001000s ]
SQL: SHOW COLUMNS FROM `xs_book` [ RunTime:0.0020s ]
SQL: SHOW COLUMNS FROM `xs_book` [ RunTime:0.0010s ]
SQL: SELECT `id`,`book_img`,`book_name`,`book_len`,`book_type` FROM `xs_book` WHERE ( book_type = '都市生活' ) ORDER BY rand() LIMIT 3   [ RunTime:0.0010s ]

[ 2016-07-29T10:43:26+08:00 ] 127.0.0.1 /xs/index.php/Home/Book/getRadomBook.html
INFO: [ app_begin ] --START--
INFO: Run Behavior\ReadHtmlCacheBehavior [ RunTime:0.000000s ]
INFO: [ app_begin ] --END-- [ RunTime:0.000000s ]
SQL: SHOW COLUMNS FROM `xs_book` [ RunTime:0.0010s ]
SQL: SHOW COLUMNS FROM `xs_book` [ RunTime:0.0020s ]
SQL: SELECT `id`,`book_img`,`book_name`,`book_len`,`book_type` FROM `xs_book` WHERE ( book_type = '都市生活' ) ORDER BY rand() LIMIT 3   [ RunTime:0.0010s ]

[ 2016-07-29T10:43:30+08:00 ] 127.0.0.1 /xs/index.php/Home/Book/getRadomBook.html
INFO: [ app_begin ] --START--
INFO: Run Behavior\ReadHtmlCacheBehavior [ RunTime:0.000000s ]
INFO: [ app_begin ] --END-- [ RunTime:0.000000s ]
SQL: SHOW COLUMNS FROM `xs_book` [ RunTime:0.0020s ]
SQL: SHOW COLUMNS FROM `xs_book` [ RunTime:0.0010s ]
SQL: SELECT `id`,`book_img`,`book_name`,`book_len`,`book_type` FROM `xs_book` WHERE ( book_type = '都市生活' ) ORDER BY rand() LIMIT 3   [ RunTime:0.0000s ]

[ 2016-07-29T10:43:34+08:00 ] 127.0.0.1 /xs/index.php/Home/Book/getRadomBook.html
INFO: [ app_begin ] --START--
INFO: Run Behavior\ReadHtmlCacheBehavior [ RunTime:0.000000s ]
INFO: [ app_begin ] --END-- [ RunTime:0.001000s ]
SQL: SHOW COLUMNS FROM `xs_book` [ RunTime:0.0010s ]
SQL: SHOW COLUMNS FROM `xs_book` [ RunTime:0.0010s ]
SQL: SELECT `id`,`book_img`,`book_name`,`book_len`,`book_type` FROM `xs_book` WHERE ( book_type = '都市生活' ) ORDER BY rand() LIMIT 3   [ RunTime:0.0000s ]

[ 2016-07-29T10:43:39+08:00 ] 127.0.0.1 /xs/index.php/Home/Book/getRadomBook.html
INFO: [ app_begin ] --START--
INFO: Run Behavior\ReadHtmlCacheBehavior [ RunTime:0.000000s ]
INFO: [ app_begin ] --END-- [ RunTime:0.000000s ]
SQL: SHOW COLUMNS FROM `xs_book` [ RunTime:0.0010s ]
SQL: SHOW COLUMNS FROM `xs_book` [ RunTime:0.0010s ]
SQL: SELECT `id`,`book_img`,`book_name`,`book_len`,`book_type` FROM `xs_book` WHERE ( book_type = '都市生活' ) ORDER BY rand() LIMIT 3   [ RunTime:0.0010s ]

[ 2016-07-29T10:44:16+08:00 ] 127.0.0.1 /xs/index.php/Home/Book/getRadomBook.html
INFO: [ app_begin ] --START--
INFO: Run Behavior\ReadHtmlCacheBehavior [ RunTime:0.000000s ]
INFO: [ app_begin ] --END-- [ RunTime:0.000000s ]
SQL: SHOW COLUMNS FROM `xs_book` [ RunTime:0.0020s ]
SQL: SHOW COLUMNS FROM `xs_book` [ RunTime:0.0010s ]
SQL: SELECT `id`,`book_img`,`book_name`,`book_len`,`book_type` FROM `xs_book` WHERE ( book_type = '都市生活' ) ORDER BY rand() LIMIT 3   [ RunTime:0.0000s ]

[ 2016-07-29T10:44:20+08:00 ] 127.0.0.1 /xs/index.php/Home/Book/getRadomBook.html
INFO: [ app_begin ] --START--
INFO: Run Behavior\ReadHtmlCacheBehavior [ RunTime:0.000000s ]
INFO: [ app_begin ] --END-- [ RunTime:0.001000s ]
SQL: SHOW COLUMNS FROM `xs_book` [ RunTime:0.0010s ]
SQL: SHOW COLUMNS FROM `xs_book` [ RunTime:0.0010s ]
SQL: SELECT `id`,`book_img`,`book_name`,`book_len`,`book_type` FROM `xs_book` WHERE ( book_type = '都市生活' ) ORDER BY rand() LIMIT 3   [ RunTime:0.0000s ]

[ 2016-07-29T10:44:22+08:00 ] 127.0.0.1 /xs/index.php/Home/Book/getRadomBook.html
INFO: [ app_begin ] --START--
INFO: Run Behavior\ReadHtmlCacheBehavior [ RunTime:0.001000s ]
INFO: [ app_begin ] --END-- [ RunTime:0.001000s ]
SQL: SHOW COLUMNS FROM `xs_book` [ RunTime:0.0030s ]
SQL: SHOW COLUMNS FROM `xs_book` [ RunTime:0.0020s ]
SQL: SELECT `id`,`book_img`,`book_name`,`book_len`,`book_type` FROM `xs_book` WHERE ( book_type = '都市生活' ) ORDER BY rand() LIMIT 3   [ RunTime:0.0000s ]

[ 2016-07-29T10:44:50+08:00 ] 127.0.0.1 /xs/index.php/Home/Book/getRadomBook.html
INFO: [ app_begin ] --START--
INFO: Run Behavior\ReadHtmlCacheBehavior [ RunTime:0.000000s ]
INFO: [ app_begin ] --END-- [ RunTime:0.000000s ]
SQL: SHOW COLUMNS FROM `xs_book` [ RunTime:0.0010s ]
SQL: SHOW COLUMNS FROM `xs_book` [ RunTime:0.0010s ]
SQL: SELECT `id`,`book_img`,`book_name`,`book_len`,`book_type` FROM `xs_book` WHERE ( book_type = '都市生活' ) ORDER BY rand() LIMIT 3   [ RunTime:0.0010s ]

[ 2016-07-29T10:45:04+08:00 ] 127.0.0.1 /xs/index.php/Home/Book/getRadomBook.html
INFO: [ app_begin ] --START--
INFO: Run Behavior\ReadHtmlCacheBehavior [ RunTime:0.000000s ]
INFO: [ app_begin ] --END-- [ RunTime:0.001000s ]
SQL: SHOW COLUMNS FROM `xs_book` [ RunTime:0.0010s ]
SQL: SHOW COLUMNS FROM `xs_book` [ RunTime:0.0020s ]
SQL: SELECT `id`,`book_img`,`book_name`,`book_len`,`book_type` FROM `xs_book` WHERE ( book_type = '都市生活' ) ORDER BY rand() LIMIT 3   [ RunTime:0.0010s ]

[ 2016-07-29T10:45:11+08:00 ] 127.0.0.1 /xs/index.php/Home/Book/getRadomBook.html
INFO: [ app_begin ] --START--
INFO: Run Behavior\ReadHtmlCacheBehavior [ RunTime:0.001000s ]
INFO: [ app_begin ] --END-- [ RunTime:0.001000s ]
SQL: SHOW COLUMNS FROM `xs_book` [ RunTime:0.0010s ]
SQL: SHOW COLUMNS FROM `xs_book` [ RunTime:0.0010s ]
SQL: SELECT `id`,`book_img`,`book_name`,`book_len`,`book_type` FROM `xs_book` WHERE ( book_type = '都市生活' ) ORDER BY rand() LIMIT 3   [ RunTime:0.0000s ]

[ 2016-07-29T10:45:13+08:00 ] 127.0.0.1 /xs/index.php/Home/Book/getRadomBook.html
INFO: [ app_begin ] --START--
INFO: Run Behavior\ReadHtmlCacheBehavior [ RunTime:0.000000s ]
INFO: [ app_begin ] --END-- [ RunTime:0.001000s ]
SQL: SHOW COLUMNS FROM `xs_book` [ RunTime:0.0020s ]
SQL: SHOW COLUMNS FROM `xs_book` [ RunTime:0.0010s ]
SQL: SELECT `id`,`book_img`,`book_name`,`book_len`,`book_type` FROM `xs_book` WHERE ( book_type = '都市生活' ) ORDER BY rand() LIMIT 3   [ RunTime:0.0000s ]

[ 2016-07-29T10:46:01+08:00 ] 127.0.0.1 /xs/index.php/Home/Book/getRadomBook.html
INFO: [ app_begin ] --START--
INFO: Run Behavior\ReadHtmlCacheBehavior [ RunTime:0.000000s ]
INFO: [ app_begin ] --END-- [ RunTime:0.001000s ]
SQL: SHOW COLUMNS FROM `xs_book` [ RunTime:0.0020s ]
SQL: SHOW COLUMNS FROM `xs_book` [ RunTime:0.0010s ]
SQL: SELECT `id`,`book_img`,`book_name`,`book_len`,`book_type` FROM `xs_book` WHERE ( book_type = '都市生活' ) ORDER BY rand() LIMIT 3   [ RunTime:0.0010s ]

[ 2016-07-29T10:46:03+08:00 ] 127.0.0.1 /xs/index.php/Home/Book/getRadomBook.html
INFO: [ app_begin ] --START--
INFO: Run Behavior\ReadHtmlCacheBehavior [ RunTime:0.000000s ]
INFO: [ app_begin ] --END-- [ RunTime:0.001000s ]
SQL: SHOW COLUMNS FROM `xs_book` [ RunTime:0.0020s ]
SQL: SHOW COLUMNS FROM `xs_book` [ RunTime:0.0010s ]
SQL: SELECT `id`,`book_img`,`book_name`,`book_len`,`book_type` FROM `xs_book` WHERE ( book_type = '都市生活' ) ORDER BY rand() LIMIT 3   [ RunTime:0.0010s ]

[ 2016-07-29T10:46:05+08:00 ] 127.0.0.1 /xs/index.php/Home/Book/getRadomBook.html
INFO: [ app_begin ] --START--
INFO: Run Behavior\ReadHtmlCacheBehavior [ RunTime:0.000000s ]
INFO: [ app_begin ] --END-- [ RunTime:0.000000s ]
SQL: SHOW COLUMNS FROM `xs_book` [ RunTime:0.0030s ]
SQL: SHOW COLUMNS FROM `xs_book` [ RunTime:0.0030s ]
SQL: SELECT `id`,`book_img`,`book_name`,`book_len`,`book_type` FROM `xs_book` WHERE ( book_type = '都市生活' ) ORDER BY rand() LIMIT 3   [ RunTime:0.0010s ]

[ 2016-07-29T10:46:37+08:00 ] 127.0.0.1 /xs/index.php/Home/Book/getRadomBook.html
INFO: [ app_begin ] --START--
INFO: Run Behavior\ReadHtmlCacheBehavior [ RunTime:0.000000s ]
INFO: [ app_begin ] --END-- [ RunTime:0.001000s ]
SQL: SHOW COLUMNS FROM `xs_book` [ RunTime:0.0020s ]
SQL: SHOW COLUMNS FROM `xs_book` [ RunTime:0.0020s ]
SQL: SELECT `id`,`book_img`,`book_name`,`book_len`,`book_type` FROM `xs_book` WHERE ( book_type = '都市生活' ) ORDER BY rand() LIMIT 3   [ RunTime:0.0000s ]

[ 2016-07-29T10:46:40+08:00 ] 127.0.0.1 /xs/index.php/Home/Book/getRadomBook.html
INFO: [ app_begin ] --START--
INFO: Run Behavior\ReadHtmlCacheBehavior [ RunTime:0.001000s ]
INFO: [ app_begin ] --END-- [ RunTime:0.001000s ]
SQL: SHOW COLUMNS FROM `xs_book` [ RunTime:0.0010s ]
SQL: SHOW COLUMNS FROM `xs_book` [ RunTime:0.0010s ]
SQL: SELECT `id`,`book_img`,`book_name`,`book_len`,`book_type` FROM `xs_book` WHERE ( book_type = '都市生活' ) ORDER BY rand() LIMIT 3   [ RunTime:0.0000s ]

[ 2016-07-29T10:46:46+08:00 ] 127.0.0.1 /xs/index.php/Home/Book/getRadomBook.html
INFO: [ app_begin ] --START--
INFO: Run Behavior\ReadHtmlCacheBehavior [ RunTime:0.000000s ]
INFO: [ app_begin ] --END-- [ RunTime:0.000000s ]
SQL: SHOW COLUMNS FROM `xs_book` [ RunTime:0.0020s ]
SQL: SHOW COLUMNS FROM `xs_book` [ RunTime:0.0020s ]
SQL: SELECT `id`,`book_img`,`book_name`,`book_len`,`book_type` FROM `xs_book` WHERE ( book_type = '都市生活' ) ORDER BY rand() LIMIT 3   [ RunTime:0.0010s ]

[ 2016-07-29T10:46:51+08:00 ] 127.0.0.1 /xs/index.php/Home/Book/getRadomBook.html
INFO: [ app_begin ] --START--
INFO: Run Behavior\ReadHtmlCacheBehavior [ RunTime:0.000000s ]
INFO: [ app_begin ] --END-- [ RunTime:0.000000s ]
SQL: SHOW COLUMNS FROM `xs_book` [ RunTime:0.0010s ]
SQL: SHOW COLUMNS FROM `xs_book` [ RunTime:0.0010s ]
SQL: SELECT `id`,`book_img`,`book_name`,`book_len`,`book_type` FROM `xs_book` WHERE ( book_type = '都市生活' ) ORDER BY rand() LIMIT 3   [ RunTime:0.0010s ]

[ 2016-07-29T10:47:01+08:00 ] 127.0.0.1 /xs/index.php/Home/Book/getRadomBook.html
INFO: [ app_begin ] --START--
INFO: Run Behavior\ReadHtmlCacheBehavior [ RunTime:0.001000s ]
INFO: [ app_begin ] --END-- [ RunTime:0.001000s ]
SQL: SHOW COLUMNS FROM `xs_book` [ RunTime:0.0010s ]
SQL: SHOW COLUMNS FROM `xs_book` [ RunTime:0.0020s ]
SQL: SELECT `id`,`book_img`,`book_name`,`book_len`,`book_type` FROM `xs_book` WHERE ( book_type = '都市生活' ) ORDER BY rand() LIMIT 3   [ RunTime:0.0000s ]

[ 2016-07-29T10:47:03+08:00 ] 127.0.0.1 /xs/index.php/Home/Book/getRadomBook.html
INFO: [ app_begin ] --START--
INFO: Run Behavior\ReadHtmlCacheBehavior [ RunTime:0.001000s ]
INFO: [ app_begin ] --END-- [ RunTime:0.001000s ]
SQL: SHOW COLUMNS FROM `xs_book` [ RunTime:0.0010s ]
SQL: SHOW COLUMNS FROM `xs_book` [ RunTime:0.0010s ]
SQL: SELECT `id`,`book_img`,`book_name`,`book_len`,`book_type` FROM `xs_book` WHERE ( book_type = '都市生活' ) ORDER BY rand() LIMIT 3   [ RunTime:0.0000s ]

[ 2016-07-29T10:50:28+08:00 ] 127.0.0.1 /xs/index.php/Home/Book/getRadomBook.html
INFO: [ app_begin ] --START--
INFO: Run Behavior\ReadHtmlCacheBehavior [ RunTime:0.001000s ]
INFO: [ app_begin ] --END-- [ RunTime:0.001000s ]
SQL: SHOW COLUMNS FROM `xs_book` [ RunTime:0.0020s ]
SQL: SHOW COLUMNS FROM `xs_book` [ RunTime:0.0010s ]
SQL: SELECT `id`,`book_img`,`book_name`,`book_len`,`book_type` FROM `xs_book` WHERE ( book_type = '都市生活' ) ORDER BY rand() LIMIT 3   [ RunTime:0.0010s ]

[ 2016-07-29T10:50:33+08:00 ] 127.0.0.1 /xs/index.php/Home/Book/getRadomBook.html
INFO: [ app_begin ] --START--
INFO: Run Behavior\ReadHtmlCacheBehavior [ RunTime:0.000000s ]
INFO: [ app_begin ] --END-- [ RunTime:0.000000s ]
SQL: SHOW COLUMNS FROM `xs_book` [ RunTime:0.0020s ]
SQL: SHOW COLUMNS FROM `xs_book` [ RunTime:0.0010s ]
SQL: SELECT `id`,`book_img`,`book_name`,`book_len`,`book_type` FROM `xs_book` WHERE ( book_type = '都市生活' ) ORDER BY rand() LIMIT 3   [ RunTime:0.0000s ]

[ 2016-07-29T10:51:32+08:00 ] 127.0.0.1 /xs/index.php/Home/Book/getRadomBook.html
INFO: [ app_begin ] --START--
INFO: Run Behavior\ReadHtmlCacheBehavior [ RunTime:0.000000s ]
INFO: [ app_begin ] --END-- [ RunTime:0.001000s ]
SQL: SHOW COLUMNS FROM `xs_book` [ RunTime:0.0010s ]
SQL: SHOW COLUMNS FROM `xs_book` [ RunTime:0.0010s ]
SQL: SELECT `id`,`book_img`,`book_name`,`book_len`,`book_type` FROM `xs_book` WHERE ( book_type = '都市生活' ) ORDER BY rand() LIMIT 3   [ RunTime:0.0000s ]

[ 2016-07-29T10:51:35+08:00 ] 127.0.0.1 /xs/index.php/Home/Book/getRadomBook.html
INFO: [ app_begin ] --START--
INFO: Run Behavior\ReadHtmlCacheBehavior [ RunTime:0.000000s ]
INFO: [ app_begin ] --END-- [ RunTime:0.001000s ]
SQL: SHOW COLUMNS FROM `xs_book` [ RunTime:0.0010s ]
SQL: SHOW COLUMNS FROM `xs_book` [ RunTime:0.0010s ]
SQL: SELECT `id`,`book_img`,`book_name`,`book_len`,`book_type` FROM `xs_book` WHERE ( book_type = '都市生活' ) ORDER BY rand() LIMIT 3   [ RunTime:0.0000s ]

[ 2016-07-29T10:51:40+08:00 ] 127.0.0.1 /xs/index.php/Home/Book/getRadomBook.html
INFO: [ app_begin ] --START--
INFO: Run Behavior\ReadHtmlCacheBehavior [ RunTime:0.000000s ]
INFO: [ app_begin ] --END-- [ RunTime:0.000000s ]
SQL: SHOW COLUMNS FROM `xs_book` [ RunTime:0.0010s ]
SQL: SHOW COLUMNS FROM `xs_book` [ RunTime:0.0010s ]
SQL: SELECT `id`,`book_img`,`book_name`,`book_len`,`book_type` FROM `xs_book` WHERE ( book_type = '都市生活' ) ORDER BY rand() LIMIT 3   [ RunTime:0.0000s ]

[ 2016-07-29T10:51:43+08:00 ] 127.0.0.1 /xs/index.php/Home/Book/getRadomBook.html
INFO: [ app_begin ] --START--
INFO: Run Behavior\ReadHtmlCacheBehavior [ RunTime:0.000000s ]
INFO: [ app_begin ] --END-- [ RunTime:0.001000s ]
SQL: SHOW COLUMNS FROM `xs_book` [ RunTime:0.0010s ]
SQL: SHOW COLUMNS FROM `xs_book` [ RunTime:0.0010s ]
SQL: SELECT `id`,`book_img`,`book_name`,`book_len`,`book_type` FROM `xs_book` WHERE ( book_type = '都市生活' ) ORDER BY rand() LIMIT 3   [ RunTime:0.0000s ]

[ 2016-07-29T10:51:56+08:00 ] 127.0.0.1 /xs/index.php/Home/Book/getRadomBook.html
INFO: [ app_begin ] --START--
INFO: Run Behavior\ReadHtmlCacheBehavior [ RunTime:0.000000s ]
INFO: [ app_begin ] --END-- [ RunTime:0.000000s ]
SQL: SHOW COLUMNS FROM `xs_book` [ RunTime:0.0020s ]
SQL: SHOW COLUMNS FROM `xs_book` [ RunTime:0.0010s ]
SQL: SELECT `id`,`book_img`,`book_name`,`book_len`,`book_type` FROM `xs_book` WHERE ( book_type = '都市生活' ) ORDER BY rand() LIMIT 3   [ RunTime:0.0010s ]

[ 2016-07-29T10:56:01+08:00 ] 127.0.0.1 /xs/index.php/Home/Book/getRadomBook.html
INFO: [ app_begin ] --START--
INFO: Run Behavior\ReadHtmlCacheBehavior [ RunTime:0.000000s ]
INFO: [ app_begin ] --END-- [ RunTime:0.000000s ]
SQL: SHOW COLUMNS FROM `xs_book` [ RunTime:0.0030s ]
SQL: SHOW COLUMNS FROM `xs_book` [ RunTime:0.0010s ]
SQL: SELECT `id`,`book_img`,`book_name`,`book_len`,`book_type` FROM `xs_book` WHERE ( book_type = '都市生活' ) ORDER BY rand() LIMIT 3   [ RunTime:0.0010s ]

[ 2016-07-29T11:00:32+08:00 ] 127.0.0.1 /xs/index.php/Home/Book/getRadomBook.html
INFO: [ app_begin ] --START--
INFO: Run Behavior\ReadHtmlCacheBehavior [ RunTime:0.000000s ]
INFO: [ app_begin ] --END-- [ RunTime:0.000000s ]
SQL: SHOW COLUMNS FROM `xs_book` [ RunTime:0.0020s ]
SQL: SHOW COLUMNS FROM `xs_book` [ RunTime:0.0030s ]
SQL: SELECT `id`,`book_img`,`book_name`,`book_len`,`book_type` FROM `xs_book` WHERE ( book_type = '都市生活' ) ORDER BY rand() LIMIT 3   [ RunTime:0.0010s ]

[ 2016-07-29T11:00:34+08:00 ] 127.0.0.1 /xs/index.php/Home/Book/getRadomBook.html
INFO: [ app_begin ] --START--
INFO: Run Behavior\ReadHtmlCacheBehavior [ RunTime:0.000000s ]
INFO: [ app_begin ] --END-- [ RunTime:0.001000s ]
SQL: SHOW COLUMNS FROM `xs_book` [ RunTime:0.0010s ]
SQL: SHOW COLUMNS FROM `xs_book` [ RunTime:0.0010s ]
SQL: SELECT `id`,`book_img`,`book_name`,`book_len`,`book_type` FROM `xs_book` WHERE ( book_type = '都市生活' ) ORDER BY rand() LIMIT 3   [ RunTime:0.0000s ]

[ 2016-07-29T11:01:15+08:00 ] 127.0.0.1 /xs/index.php/Home/Book/getRadomBook.html
INFO: [ app_begin ] --START--
INFO: Run Behavior\ReadHtmlCacheBehavior [ RunTime:0.001000s ]
INFO: [ app_begin ] --END-- [ RunTime:0.001000s ]
SQL: SHOW COLUMNS FROM `xs_book` [ RunTime:0.0010s ]
SQL: SHOW COLUMNS FROM `xs_book` [ RunTime:0.0010s ]
SQL: SELECT `id`,`book_img`,`book_name`,`book_len`,`book_type` FROM `xs_book` WHERE ( book_type = '都市生活' ) ORDER BY rand() LIMIT 3   [ RunTime:0.0000s ]

[ 2016-07-29T11:01:36+08:00 ] 127.0.0.1 /xs/index.php/Home/Book/getRadomBook.html
INFO: [ app_begin ] --START--
INFO: Run Behavior\ReadHtmlCacheBehavior [ RunTime:0.000000s ]
INFO: [ app_begin ] --END-- [ RunTime:0.001000s ]
SQL: SHOW COLUMNS FROM `xs_book` [ RunTime:0.0010s ]
SQL: SHOW COLUMNS FROM `xs_book` [ RunTime:0.0010s ]
SQL: SELECT `id`,`book_img`,`book_name`,`book_len`,`book_type` FROM `xs_book` WHERE ( book_type = '都市生活' ) ORDER BY rand() LIMIT 3   [ RunTime:0.0000s ]

[ 2016-07-29T11:01:38+08:00 ] 127.0.0.1 /xs/index.php/Home/Book/getRadomBook.html
INFO: [ app_begin ] --START--
INFO: Run Behavior\ReadHtmlCacheBehavior [ RunTime:0.000000s ]
INFO: [ app_begin ] --END-- [ RunTime:0.000000s ]
SQL: SHOW COLUMNS FROM `xs_book` [ RunTime:0.0010s ]
SQL: SHOW COLUMNS FROM `xs_book` [ RunTime:0.0010s ]
SQL: SELECT `id`,`book_img`,`book_name`,`book_len`,`book_type` FROM `xs_book` WHERE ( book_type = '都市生活' ) ORDER BY rand() LIMIT 3   [ RunTime:0.0010s ]

[ 2016-07-29T11:01:41+08:00 ] 127.0.0.1 /xs/index.php/Home/Book/getRadomBook.html
INFO: [ app_begin ] --START--
INFO: Run Behavior\ReadHtmlCacheBehavior [ RunTime:0.001000s ]
INFO: [ app_begin ] --END-- [ RunTime:0.001000s ]
SQL: SHOW COLUMNS FROM `xs_book` [ RunTime:0.0010s ]
SQL: SHOW COLUMNS FROM `xs_book` [ RunTime:0.0020s ]
SQL: SELECT `id`,`book_img`,`book_name`,`book_len`,`book_type` FROM `xs_book` WHERE ( book_type = '都市生活' ) ORDER BY rand() LIMIT 3   [ RunTime:0.0000s ]

[ 2016-07-29T11:01:49+08:00 ] 127.0.0.1 /xs/index.php/Home/Book/getRadomBook.html
INFO: [ app_begin ] --START--
INFO: Run Behavior\ReadHtmlCacheBehavior [ RunTime:0.000000s ]
INFO: [ app_begin ] --END-- [ RunTime:0.000000s ]
SQL: SHOW COLUMNS FROM `xs_book` [ RunTime:0.0010s ]
SQL: SHOW COLUMNS FROM `xs_book` [ RunTime:0.0010s ]
SQL: SELECT `id`,`book_img`,`book_name`,`book_len`,`book_type` FROM `xs_book` WHERE ( book_type = '都市生活' ) ORDER BY rand() LIMIT 3   [ RunTime:0.0000s ]

[ 2016-07-29T11:02:05+08:00 ] 127.0.0.1 /xs/index.php/Home/Book/getRadomBook.html
INFO: [ app_begin ] --START--
INFO: Run Behavior\ReadHtmlCacheBehavior [ RunTime:0.001000s ]
INFO: [ app_begin ] --END-- [ RunTime:0.001000s ]
SQL: SHOW COLUMNS FROM `xs_book` [ RunTime:0.0020s ]
SQL: SHOW COLUMNS FROM `xs_book` [ RunTime:0.0010s ]
SQL: SELECT `id`,`book_img`,`book_name`,`book_len`,`book_type` FROM `xs_book` WHERE ( book_type = '都市生活' ) ORDER BY rand() LIMIT 3   [ RunTime:0.0010s ]

[ 2016-07-29T11:02:09+08:00 ] 127.0.0.1 /xs/index.php/Home/Book/getRadomBook.html
INFO: [ app_begin ] --START--
INFO: Run Behavior\ReadHtmlCacheBehavior [ RunTime:0.001000s ]
INFO: [ app_begin ] --END-- [ RunTime:0.001000s ]
SQL: SHOW COLUMNS FROM `xs_book` [ RunTime:0.0060s ]
SQL: SHOW COLUMNS FROM `xs_book` [ RunTime:0.0030s ]
SQL: SELECT `id`,`book_img`,`book_name`,`book_len`,`book_type` FROM `xs_book` WHERE ( book_type = '都市生活' ) ORDER BY rand() LIMIT 3   [ RunTime:0.0010s ]

[ 2016-07-29T11:04:04+08:00 ] 127.0.0.1 /xs/index.php/Home/Book/getRadomBook.html
INFO: [ app_begin ] --START--
INFO: Run Behavior\ReadHtmlCacheBehavior [ RunTime:0.000000s ]
INFO: [ app_begin ] --END-- [ RunTime:0.001000s ]
SQL: SHOW COLUMNS FROM `xs_book` [ RunTime:0.0020s ]
SQL: SHOW COLUMNS FROM `xs_book` [ RunTime:0.0010s ]
SQL: SELECT `id`,`book_img`,`book_name`,`book_len`,`book_type` FROM `xs_book` WHERE ( book_type = '都市生活' ) ORDER BY rand() LIMIT 3   [ RunTime:0.0000s ]

[ 2016-07-29T11:04:08+08:00 ] 127.0.0.1 /xs/index.php/Home/Book/getRadomBook.html
INFO: [ app_begin ] --START--
INFO: Run Behavior\ReadHtmlCacheBehavior [ RunTime:0.001000s ]
INFO: [ app_begin ] --END-- [ RunTime:0.001000s ]
SQL: SHOW COLUMNS FROM `xs_book` [ RunTime:0.0010s ]
SQL: SHOW COLUMNS FROM `xs_book` [ RunTime:0.0010s ]
SQL: SELECT `id`,`book_img`,`book_name`,`book_len`,`book_type` FROM `xs_book` WHERE ( book_type = '都市生活' ) ORDER BY rand() LIMIT 3   [ RunTime:0.0000s ]

[ 2016-07-29T11:04:23+08:00 ] 127.0.0.1 /xs/index.php/Home/Book/getRadomBook.html
INFO: [ app_begin ] --START--
INFO: Run Behavior\ReadHtmlCacheBehavior [ RunTime:0.001000s ]
INFO: [ app_begin ] --END-- [ RunTime:0.001000s ]
SQL: SHOW COLUMNS FROM `xs_book` [ RunTime:0.0010s ]
SQL: SHOW COLUMNS FROM `xs_book` [ RunTime:0.0010s ]
SQL: SELECT `id`,`book_img`,`book_name`,`book_len`,`book_type` FROM `xs_book` WHERE ( book_type = '都市生活' ) ORDER BY rand() LIMIT 3   [ RunTime:0.0000s ]

[ 2016-07-29T11:05:05+08:00 ] 127.0.0.1 /xs/index.php/Home/Book/getRadomBook.html
INFO: [ app_begin ] --START--
INFO: Run Behavior\ReadHtmlCacheBehavior [ RunTime:0.001000s ]
INFO: [ app_begin ] --END-- [ RunTime:0.001000s ]
SQL: SHOW COLUMNS FROM `xs_book` [ RunTime:0.0040s ]
SQL: SHOW COLUMNS FROM `xs_book` [ RunTime:0.0010s ]
SQL: SELECT `id`,`book_img`,`book_name`,`book_len`,`book_type` FROM `xs_book` WHERE ( book_type = '都市生活' ) ORDER BY rand() LIMIT 3   [ RunTime:0.0000s ]

[ 2016-07-29T11:10:55+08:00 ] 127.0.0.1 /xs/index.php/Home/Book/getRadomBook.html
INFO: [ app_begin ] --START--
INFO: Run Behavior\ReadHtmlCacheBehavior [ RunTime:0.001000s ]
INFO: [ app_begin ] --END-- [ RunTime:0.001000s ]
SQL: SHOW COLUMNS FROM `xs_book` [ RunTime:0.0020s ]
SQL: SHOW COLUMNS FROM `xs_book` [ RunTime:0.0010s ]
SQL: SELECT `id`,`book_img`,`book_name`,`book_len`,`book_type` FROM `xs_book` WHERE ( book_type = '都市生活' ) ORDER BY rand() LIMIT 3   [ RunTime:0.0000s ]

[ 2016-07-29T11:10:59+08:00 ] 127.0.0.1 /xs/index.php/Home/Book/getRadomBook.html
INFO: [ app_begin ] --START--
INFO: Run Behavior\ReadHtmlCacheBehavior [ RunTime:0.001000s ]
INFO: [ app_begin ] --END-- [ RunTime:0.001000s ]
SQL: SHOW COLUMNS FROM `xs_book` [ RunTime:0.0020s ]
SQL: SHOW COLUMNS FROM `xs_book` [ RunTime:0.0010s ]
SQL: SELECT `id`,`book_img`,`book_name`,`book_len`,`book_type` FROM `xs_book` WHERE ( book_type = '都市生活' ) ORDER BY rand() LIMIT 3   [ RunTime:0.0000s ]

[ 2016-07-29T11:11:03+08:00 ] 127.0.0.1 /xs/index.php/Home/Book/getRadomBook.html
INFO: [ app_begin ] --START--
INFO: Run Behavior\ReadHtmlCacheBehavior [ RunTime:0.000000s ]
INFO: [ app_begin ] --END-- [ RunTime:0.001000s ]
SQL: SHOW COLUMNS FROM `xs_book` [ RunTime:0.0010s ]
SQL: SHOW COLUMNS FROM `xs_book` [ RunTime:0.0010s ]
SQL: SELECT `id`,`book_img`,`book_name`,`book_len`,`book_type` FROM `xs_book` WHERE ( book_type = '都市生活' ) ORDER BY rand() LIMIT 3   [ RunTime:0.0000s ]

[ 2016-07-29T11:13:59+08:00 ] 127.0.0.1 /xs/index.php/Home/Book/getRadomBook.html
INFO: [ app_begin ] --START--
INFO: Run Behavior\ReadHtmlCacheBehavior [ RunTime:0.000000s ]
INFO: [ app_begin ] --END-- [ RunTime:0.000000s ]
SQL: SHOW COLUMNS FROM `xs_book` [ RunTime:0.0010s ]
SQL: SHOW COLUMNS FROM `xs_book` [ RunTime:0.0020s ]
SQL: SELECT `id`,`book_img`,`book_name`,`book_len`,`book_type` FROM `xs_book` WHERE ( book_type = '都市生活' ) ORDER BY rand() LIMIT 3   [ RunTime:0.0010s ]

[ 2016-07-29T11:14:01+08:00 ] 127.0.0.1 /xs/index.php/Home/Book/getRadomBook.html
INFO: [ app_begin ] --START--
INFO: Run Behavior\ReadHtmlCacheBehavior [ RunTime:0.000000s ]
INFO: [ app_begin ] --END-- [ RunTime:0.001000s ]
SQL: SHOW COLUMNS FROM `xs_book` [ RunTime:0.0010s ]
SQL: SHOW COLUMNS FROM `xs_book` [ RunTime:0.0010s ]
SQL: SELECT `id`,`book_img`,`book_name`,`book_len`,`book_type` FROM `xs_book` WHERE ( book_type = '都市生活' ) ORDER BY rand() LIMIT 3   [ RunTime:0.0010s ]

[ 2016-07-29T11:14:04+08:00 ] 127.0.0.1 /xs/index.php/Home/Book/getRadomBook.html
INFO: [ app_begin ] --START--
INFO: Run Behavior\ReadHtmlCacheBehavior [ RunTime:0.000000s ]
INFO: [ app_begin ] --END-- [ RunTime:0.001000s ]
SQL: SHOW COLUMNS FROM `xs_book` [ RunTime:0.0010s ]
SQL: SHOW COLUMNS FROM `xs_book` [ RunTime:0.0020s ]
SQL: SELECT `id`,`book_img`,`book_name`,`book_len`,`book_type` FROM `xs_book` WHERE ( book_type = '都市生活' ) ORDER BY rand() LIMIT 3   [ RunTime:0.0000s ]

[ 2016-07-29T11:14:32+08:00 ] 127.0.0.1 /xs/index.php/Home/Book/getRadomBook.html
INFO: [ app_begin ] --START--
INFO: Run Behavior\ReadHtmlCacheBehavior [ RunTime:0.000000s ]
INFO: [ app_begin ] --END-- [ RunTime:0.001000s ]
SQL: SHOW COLUMNS FROM `xs_book` [ RunTime:0.0010s ]
SQL: SHOW COLUMNS FROM `xs_book` [ RunTime:0.0010s ]
SQL: SELECT `id`,`book_img`,`book_name`,`book_len`,`book_type` FROM `xs_book` WHERE ( book_type = '都市生活' ) ORDER BY rand() LIMIT 3   [ RunTime:0.0000s ]

[ 2016-07-29T11:14:45+08:00 ] 127.0.0.1 /xs/index.php/Home/Book/getRadomBook.html
INFO: [ app_begin ] --START--
INFO: Run Behavior\ReadHtmlCacheBehavior [ RunTime:0.001000s ]
INFO: [ app_begin ] --END-- [ RunTime:0.001000s ]
SQL: SHOW COLUMNS FROM `xs_book` [ RunTime:0.0010s ]
SQL: SHOW COLUMNS FROM `xs_book` [ RunTime:0.0020s ]
SQL: SELECT `id`,`book_img`,`book_name`,`book_len`,`book_type` FROM `xs_book` WHERE ( book_type = '都市生活' ) ORDER BY rand() LIMIT 3   [ RunTime:0.0000s ]

[ 2016-07-29T11:16:32+08:00 ] 127.0.0.1 /xs/index.php/Home/Book/getRadomBook.html
INFO: [ app_begin ] --START--
INFO: Run Behavior\ReadHtmlCacheBehavior [ RunTime:0.000000s ]
INFO: [ app_begin ] --END-- [ RunTime:0.001000s ]
SQL: SHOW COLUMNS FROM `xs_book` [ RunTime:0.0010s ]
SQL: SHOW COLUMNS FROM `xs_book` [ RunTime:0.0010s ]
SQL: SELECT `id`,`book_img`,`book_name`,`book_len`,`book_type` FROM `xs_book` WHERE ( book_type = '都市生活' ) ORDER BY rand() LIMIT 3   [ RunTime:0.0000s ]

[ 2016-07-29T11:17:31+08:00 ] 127.0.0.1 /xs/index.php/Home/Book/getRadomBook.html
INFO: [ app_begin ] --START--
INFO: Run Behavior\ReadHtmlCacheBehavior [ RunTime:0.000000s ]
INFO: [ app_begin ] --END-- [ RunTime:0.000000s ]
SQL: SHOW COLUMNS FROM `xs_book` [ RunTime:0.0010s ]
SQL: SHOW COLUMNS FROM `xs_book` [ RunTime:0.0010s ]
SQL: SELECT `id`,`book_img`,`book_name`,`book_len`,`book_type` FROM `xs_book` WHERE ( book_type = '都市生活' ) ORDER BY rand() LIMIT 3   [ RunTime:0.0010s ]

[ 2016-07-29T11:17:35+08:00 ] 127.0.0.1 /xs/index.php/Home/Book/getRadomBook.html
INFO: [ app_begin ] --START--
INFO: Run Behavior\ReadHtmlCacheBehavior [ RunTime:0.000000s ]
INFO: [ app_begin ] --END-- [ RunTime:0.001000s ]
SQL: SHOW COLUMNS FROM `xs_book` [ RunTime:0.0020s ]
SQL: SHOW COLUMNS FROM `xs_book` [ RunTime:0.0010s ]
SQL: SELECT `id`,`book_img`,`book_name`,`book_len`,`book_type` FROM `xs_book` WHERE ( book_type = '都市生活' ) ORDER BY rand() LIMIT 3   [ RunTime:0.0000s ]

[ 2016-07-29T11:17:51+08:00 ] 127.0.0.1 /xs/index.php/Home/Book/getRadomBook.html
INFO: [ app_begin ] --START--
INFO: Run Behavior\ReadHtmlCacheBehavior [ RunTime:0.001000s ]
INFO: [ app_begin ] --END-- [ RunTime:0.001000s ]
SQL: SHOW COLUMNS FROM `xs_book` [ RunTime:0.0030s ]
SQL: SHOW COLUMNS FROM `xs_book` [ RunTime:0.0010s ]
SQL: SELECT `id`,`book_img`,`book_name`,`book_len`,`book_type` FROM `xs_book` WHERE ( book_type = '都市生活' ) ORDER BY rand() LIMIT 3   [ RunTime:0.0000s ]

[ 2016-07-29T11:17:54+08:00 ] 127.0.0.1 /xs/index.php/Home/Book/getRadomBook.html
INFO: [ app_begin ] --START--
INFO: Run Behavior\ReadHtmlCacheBehavior [ RunTime:0.001000s ]
INFO: [ app_begin ] --END-- [ RunTime:0.001000s ]
SQL: SHOW COLUMNS FROM `xs_book` [ RunTime:0.0020s ]
SQL: SHOW COLUMNS FROM `xs_book` [ RunTime:0.0010s ]
SQL: SELECT `id`,`book_img`,`book_name`,`book_len`,`book_type` FROM `xs_book` WHERE ( book_type = '都市生活' ) ORDER BY rand() LIMIT 3   [ RunTime:0.0010s ]

[ 2016-07-29T11:18:38+08:00 ] 127.0.0.1 /xs/index.php/Home/Book/getRadomBook.html
INFO: [ app_begin ] --START--
INFO: Run Behavior\ReadHtmlCacheBehavior [ RunTime:0.000000s ]
INFO: [ app_begin ] --END-- [ RunTime:0.000000s ]
SQL: SHOW COLUMNS FROM `xs_book` [ RunTime:0.0010s ]
SQL: SHOW COLUMNS FROM `xs_book` [ RunTime:0.0010s ]
SQL: SELECT `id`,`book_img`,`book_name`,`book_len`,`book_type` FROM `xs_book` WHERE ( book_type = '都市生活' ) ORDER BY rand() LIMIT 3   [ RunTime:0.0000s ]

[ 2016-07-29T11:18:40+08:00 ] 127.0.0.1 /xs/index.php/Home/Book/getRadomBook.html
INFO: [ app_begin ] --START--
INFO: Run Behavior\ReadHtmlCacheBehavior [ RunTime:0.000000s ]
INFO: [ app_begin ] --END-- [ RunTime:0.001000s ]
SQL: SHOW COLUMNS FROM `xs_book` [ RunTime:0.0010s ]
SQL: SHOW COLUMNS FROM `xs_book` [ RunTime:0.0010s ]
SQL: SELECT `id`,`book_img`,`book_name`,`book_len`,`book_type` FROM `xs_book` WHERE ( book_type = '都市生活' ) ORDER BY rand() LIMIT 3   [ RunTime:0.0000s ]

[ 2016-07-29T11:19:01+08:00 ] 127.0.0.1 /xs/index.php/Home/Book/getRadomBook.html
INFO: [ app_begin ] --START--
INFO: Run Behavior\ReadHtmlCacheBehavior [ RunTime:0.001000s ]
INFO: [ app_begin ] --END-- [ RunTime:0.001000s ]
SQL: SHOW COLUMNS FROM `xs_book` [ RunTime:0.0020s ]
SQL: SHOW COLUMNS FROM `xs_book` [ RunTime:0.0020s ]
SQL: SELECT `id`,`book_img`,`book_name`,`book_len`,`book_type` FROM `xs_book` WHERE ( book_type = '都市生活' ) ORDER BY rand() LIMIT 3   [ RunTime:0.0000s ]

[ 2016-07-29T11:19:03+08:00 ] 127.0.0.1 /xs/index.php/Home/Book/getRadomBook.html
INFO: [ app_begin ] --START--
INFO: Run Behavior\ReadHtmlCacheBehavior [ RunTime:0.000000s ]
INFO: [ app_begin ] --END-- [ RunTime:0.000000s ]
SQL: SHOW COLUMNS FROM `xs_book` [ RunTime:0.0010s ]
SQL: SHOW COLUMNS FROM `xs_book` [ RunTime:0.0020s ]
SQL: SELECT `id`,`book_img`,`book_name`,`book_len`,`book_type` FROM `xs_book` WHERE ( book_type = '都市生活' ) ORDER BY rand() LIMIT 3   [ RunTime:0.0020s ]

[ 2016-07-29T11:19:05+08:00 ] 127.0.0.1 /xs/index.php/Home/Book/getRadomBook.html
INFO: [ app_begin ] --START--
INFO: Run Behavior\ReadHtmlCacheBehavior [ RunTime:0.001000s ]
INFO: [ app_begin ] --END-- [ RunTime:0.001000s ]
SQL: SHOW COLUMNS FROM `xs_book` [ RunTime:0.0010s ]
SQL: SHOW COLUMNS FROM `xs_book` [ RunTime:0.0010s ]
SQL: SELECT `id`,`book_img`,`book_name`,`book_len`,`book_type` FROM `xs_book` WHERE ( book_type = '都市生活' ) ORDER BY rand() LIMIT 3   [ RunTime:0.0010s ]

[ 2016-07-29T11:19:20+08:00 ] 127.0.0.1 /xs/index.php/Home/Book/getRadomBook.html
INFO: [ app_begin ] --START--
INFO: Run Behavior\ReadHtmlCacheBehavior [ RunTime:0.000000s ]
INFO: [ app_begin ] --END-- [ RunTime:0.001000s ]
SQL: SHOW COLUMNS FROM `xs_book` [ RunTime:0.0020s ]
SQL: SHOW COLUMNS FROM `xs_book` [ RunTime:0.0020s ]
SQL: SELECT `id`,`book_img`,`book_name`,`book_len`,`book_type` FROM `xs_book` WHERE ( book_type = '都市生活' ) ORDER BY rand() LIMIT 3   [ RunTime:0.0010s ]

[ 2016-07-29T11:19:35+08:00 ] 127.0.0.1 /xs/index.php/Home/Book/getRadomBook.html
INFO: [ app_begin ] --START--
INFO: Run Behavior\ReadHtmlCacheBehavior [ RunTime:0.000000s ]
INFO: [ app_begin ] --END-- [ RunTime:0.001001s ]
SQL: SHOW COLUMNS FROM `xs_book` [ RunTime:0.0030s ]
SQL: SHOW COLUMNS FROM `xs_book` [ RunTime:0.0030s ]
SQL: SELECT `id`,`book_img`,`book_name`,`book_len`,`book_type` FROM `xs_book` WHERE ( book_type = '都市生活' ) ORDER BY rand() LIMIT 3   [ RunTime:0.0000s ]

[ 2016-07-29T11:20:09+08:00 ] 127.0.0.1 /xs/index.php/Home/Book/getRadomBook.html
INFO: [ app_begin ] --START--
INFO: Run Behavior\ReadHtmlCacheBehavior [ RunTime:0.000000s ]
INFO: [ app_begin ] --END-- [ RunTime:0.002000s ]
SQL: SHOW COLUMNS FROM `xs_book` [ RunTime:0.0020s ]
SQL: SHOW COLUMNS FROM `xs_book` [ RunTime:0.0010s ]
SQL: SELECT `id`,`book_img`,`book_name`,`book_len`,`book_type` FROM `xs_book` WHERE ( book_type = '都市生活' ) ORDER BY rand() LIMIT 3   [ RunTime:0.0000s ]

[ 2016-07-29T11:21:09+08:00 ] 127.0.0.1 /xs/index.php/Home/Book/getRadomBook.html
INFO: [ app_begin ] --START--
INFO: Run Behavior\ReadHtmlCacheBehavior [ RunTime:0.001000s ]
INFO: [ app_begin ] --END-- [ RunTime:0.001000s ]
SQL: SHOW COLUMNS FROM `xs_book` [ RunTime:0.0030s ]
SQL: SHOW COLUMNS FROM `xs_book` [ RunTime:0.0030s ]
SQL: SELECT `id`,`book_img`,`book_name`,`book_len`,`book_type` FROM `xs_book` WHERE ( book_type = '都市生活' ) ORDER BY rand() LIMIT 3   [ RunTime:0.0010s ]

[ 2016-07-29T11:22:12+08:00 ] 127.0.0.1 /xs/index.php/Home/Book/getRadomBook.html
INFO: [ app_begin ] --START--
INFO: Run Behavior\ReadHtmlCacheBehavior [ RunTime:0.001000s ]
INFO: [ app_begin ] --END-- [ RunTime:0.001000s ]
SQL: SHOW COLUMNS FROM `xs_book` [ RunTime:0.0010s ]
SQL: SHOW COLUMNS FROM `xs_book` [ RunTime:0.0010s ]
SQL: SELECT `id`,`book_img`,`book_name`,`book_len`,`book_type` FROM `xs_book` WHERE ( book_type = '都市生活' ) ORDER BY rand() LIMIT 3   [ RunTime:0.0010s ]

[ 2016-07-29T11:22:14+08:00 ] 127.0.0.1 /xs/index.php/Home/Book/getRadomBook.html
INFO: [ app_begin ] --START--
INFO: Run Behavior\ReadHtmlCacheBehavior [ RunTime:0.000000s ]
INFO: [ app_begin ] --END-- [ RunTime:0.001000s ]
SQL: SHOW COLUMNS FROM `xs_book` [ RunTime:0.0010s ]
SQL: SHOW COLUMNS FROM `xs_book` [ RunTime:0.0010s ]
SQL: SELECT `id`,`book_img`,`book_name`,`book_len`,`book_type` FROM `xs_book` WHERE ( book_type = '都市生活' ) ORDER BY rand() LIMIT 3   [ RunTime:0.0000s ]

[ 2016-07-29T11:22:15+08:00 ] 127.0.0.1 /xs/index.php/Home/Book/getRadomBook.html
INFO: [ app_begin ] --START--
INFO: Run Behavior\ReadHtmlCacheBehavior [ RunTime:0.001000s ]
INFO: [ app_begin ] --END-- [ RunTime:0.002001s ]
SQL: SHOW COLUMNS FROM `xs_book` [ RunTime:0.0020s ]
SQL: SHOW COLUMNS FROM `xs_book` [ RunTime:0.0020s ]
SQL: SELECT `id`,`book_img`,`book_name`,`book_len`,`book_type` FROM `xs_book` WHERE ( book_type = '都市生活' ) ORDER BY rand() LIMIT 3   [ RunTime:0.0010s ]

[ 2016-07-29T11:22:15+08:00 ] 127.0.0.1 /xs/index.php/Home/Book/getRadomBook.html
INFO: [ app_begin ] --START--
INFO: Run Behavior\ReadHtmlCacheBehavior [ RunTime:0.001001s ]
INFO: [ app_begin ] --END-- [ RunTime:0.002001s ]
SQL: SHOW COLUMNS FROM `xs_book` [ RunTime:0.0030s ]
SQL: SHOW COLUMNS FROM `xs_book` [ RunTime:0.0020s ]
SQL: SELECT `id`,`book_img`,`book_name`,`book_len`,`book_type` FROM `xs_book` WHERE ( book_type = '都市生活' ) ORDER BY rand() LIMIT 3   [ RunTime:0.0000s ]

[ 2016-07-29T11:22:16+08:00 ] 127.0.0.1 /xs/index.php/Home/Book/getRadomBook.html
INFO: [ app_begin ] --START--
INFO: Run Behavior\ReadHtmlCacheBehavior [ RunTime:0.000000s ]
INFO: [ app_begin ] --END-- [ RunTime:0.001001s ]
SQL: SHOW COLUMNS FROM `xs_book` [ RunTime:0.0010s ]
SQL: SHOW COLUMNS FROM `xs_book` [ RunTime:0.0010s ]
SQL: SELECT `id`,`book_img`,`book_name`,`book_len`,`book_type` FROM `xs_book` WHERE ( book_type = '都市生活' ) ORDER BY rand() LIMIT 3   [ RunTime:0.0010s ]

[ 2016-07-29T11:22:16+08:00 ] 127.0.0.1 /xs/index.php/Home/Book/getRadomBook.html
INFO: [ app_begin ] --START--
INFO: Run Behavior\ReadHtmlCacheBehavior [ RunTime:0.001000s ]
INFO: [ app_begin ] --END-- [ RunTime:0.001000s ]
SQL: SHOW COLUMNS FROM `xs_book` [ RunTime:0.0020s ]
SQL: SHOW COLUMNS FROM `xs_book` [ RunTime:0.0020s ]
SQL: SELECT `id`,`book_img`,`book_name`,`book_len`,`book_type` FROM `xs_book` WHERE ( book_type = '都市生活' ) ORDER BY rand() LIMIT 3   [ RunTime:0.0000s ]

[ 2016-07-29T11:22:16+08:00 ] 127.0.0.1 /xs/index.php/Home/Book/getRadomBook.html
INFO: [ app_begin ] --START--
INFO: Run Behavior\ReadHtmlCacheBehavior [ RunTime:0.000000s ]
INFO: [ app_begin ] --END-- [ RunTime:0.001000s ]
SQL: SHOW COLUMNS FROM `xs_book` [ RunTime:0.0020s ]
SQL: SHOW COLUMNS FROM `xs_book` [ RunTime:0.0010s ]
SQL: SELECT `id`,`book_img`,`book_name`,`book_len`,`book_type` FROM `xs_book` WHERE ( book_type = '都市生活' ) ORDER BY rand() LIMIT 3   [ RunTime:0.0000s ]

[ 2016-07-29T11:22:17+08:00 ] 127.0.0.1 /xs/index.php/Home/Book/getRadomBook.html
INFO: [ app_begin ] --START--
INFO: Run Behavior\ReadHtmlCacheBehavior [ RunTime:0.001000s ]
INFO: [ app_begin ] --END-- [ RunTime:0.001000s ]
SQL: SHOW COLUMNS FROM `xs_book` [ RunTime:0.0040s ]
SQL: SHOW COLUMNS FROM `xs_book` [ RunTime:0.0040s ]
SQL: SELECT `id`,`book_img`,`book_name`,`book_len`,`book_type` FROM `xs_book` WHERE ( book_type = '都市生活' ) ORDER BY rand() LIMIT 3   [ RunTime:0.0010s ]

[ 2016-07-29T11:22:17+08:00 ] 127.0.0.1 /xs/index.php/Home/Book/getRadomBook.html
INFO: [ app_begin ] --START--
INFO: Run Behavior\ReadHtmlCacheBehavior [ RunTime:0.001000s ]
INFO: [ app_begin ] --END-- [ RunTime:0.001000s ]
SQL: SHOW COLUMNS FROM `xs_book` [ RunTime:0.0040s ]
SQL: SHOW COLUMNS FROM `xs_book` [ RunTime:0.0020s ]
SQL: SELECT `id`,`book_img`,`book_name`,`book_len`,`book_type` FROM `xs_book` WHERE ( book_type = '都市生活' ) ORDER BY rand() LIMIT 3   [ RunTime:0.0010s ]

[ 2016-07-29T11:22:18+08:00 ] 127.0.0.1 /xs/index.php/Home/Book/getRadomBook.html
INFO: [ app_begin ] --START--
INFO: Run Behavior\ReadHtmlCacheBehavior [ RunTime:0.000000s ]
INFO: [ app_begin ] --END-- [ RunTime:0.001000s ]
SQL: SHOW COLUMNS FROM `xs_book` [ RunTime:0.0010s ]
SQL: SHOW COLUMNS FROM `xs_book` [ RunTime:0.0010s ]
SQL: SELECT `id`,`book_img`,`book_name`,`book_len`,`book_type` FROM `xs_book` WHERE ( book_type = '都市生活' ) ORDER BY rand() LIMIT 3   [ RunTime:0.0000s ]

[ 2016-07-29T11:22:18+08:00 ] 127.0.0.1 /xs/index.php/Home/Book/getRadomBook.html
INFO: [ app_begin ] --START--
INFO: Run Behavior\ReadHtmlCacheBehavior [ RunTime:0.001000s ]
INFO: [ app_begin ] --END-- [ RunTime:0.002000s ]
SQL: SHOW COLUMNS FROM `xs_book` [ RunTime:0.0030s ]
SQL: SHOW COLUMNS FROM `xs_book` [ RunTime:0.0010s ]
SQL: SELECT `id`,`book_img`,`book_name`,`book_len`,`book_type` FROM `xs_book` WHERE ( book_type = '都市生活' ) ORDER BY rand() LIMIT 3   [ RunTime:0.0000s ]

[ 2016-07-29T11:22:18+08:00 ] 127.0.0.1 /xs/index.php/Home/Book/getRadomBook.html
INFO: [ app_begin ] --START--
INFO: Run Behavior\ReadHtmlCacheBehavior [ RunTime:0.002000s ]
INFO: [ app_begin ] --END-- [ RunTime:0.003000s ]
SQL: SHOW COLUMNS FROM `xs_book` [ RunTime:0.0020s ]
SQL: SHOW COLUMNS FROM `xs_book` [ RunTime:0.0020s ]
SQL: SELECT `id`,`book_img`,`book_name`,`book_len`,`book_type` FROM `xs_book` WHERE ( book_type = '都市生活' ) ORDER BY rand() LIMIT 3   [ RunTime:0.0010s ]

[ 2016-07-29T11:22:18+08:00 ] 127.0.0.1 /xs/index.php/Home/Book/getRadomBook.html
INFO: [ app_begin ] --START--
INFO: Run Behavior\ReadHtmlCacheBehavior [ RunTime:0.001000s ]
INFO: [ app_begin ] --END-- [ RunTime:0.001000s ]
SQL: SHOW COLUMNS FROM `xs_book` [ RunTime:0.0030s ]
SQL: SHOW COLUMNS FROM `xs_book` [ RunTime:0.0030s ]
SQL: SELECT `id`,`book_img`,`book_name`,`book_len`,`book_type` FROM `xs_book` WHERE ( book_type = '都市生活' ) ORDER BY rand() LIMIT 3   [ RunTime:0.0000s ]

[ 2016-07-29T11:22:18+08:00 ] 127.0.0.1 /xs/index.php/Home/Book/getRadomBook.html
INFO: [ app_begin ] --START--
INFO: Run Behavior\ReadHtmlCacheBehavior [ RunTime:0.001000s ]
INFO: [ app_begin ] --END-- [ RunTime:0.002000s ]
SQL: SHOW COLUMNS FROM `xs_book` [ RunTime:0.0010s ]
SQL: SHOW COLUMNS FROM `xs_book` [ RunTime:0.0020s ]
SQL: SELECT `id`,`book_img`,`book_name`,`book_len`,`book_type` FROM `xs_book` WHERE ( book_type = '都市生活' ) ORDER BY rand() LIMIT 3   [ RunTime:0.0000s ]

[ 2016-07-29T11:22:19+08:00 ] 127.0.0.1 /xs/index.php/Home/Book/getRadomBook.html
INFO: [ app_begin ] --START--
INFO: Run Behavior\ReadHtmlCacheBehavior [ RunTime:0.001000s ]
INFO: [ app_begin ] --END-- [ RunTime:0.001000s ]
SQL: SHOW COLUMNS FROM `xs_book` [ RunTime:0.0020s ]
SQL: SHOW COLUMNS FROM `xs_book` [ RunTime:0.0020s ]
SQL: SELECT `id`,`book_img`,`book_name`,`book_len`,`book_type` FROM `xs_book` WHERE ( book_type = '都市生活' ) ORDER BY rand() LIMIT 3   [ RunTime:0.0000s ]

[ 2016-07-29T11:22:19+08:00 ] 127.0.0.1 /xs/index.php/Home/Book/getRadomBook.html
INFO: [ app_begin ] --START--
INFO: Run Behavior\ReadHtmlCacheBehavior [ RunTime:0.001000s ]
INFO: [ app_begin ] --END-- [ RunTime:0.002000s ]
SQL: SHOW COLUMNS FROM `xs_book` [ RunTime:0.0030s ]
SQL: SHOW COLUMNS FROM `xs_book` [ RunTime:0.0030s ]
SQL: SELECT `id`,`book_img`,`book_name`,`book_len`,`book_type` FROM `xs_book` WHERE ( book_type = '都市生活' ) ORDER BY rand() LIMIT 3   [ RunTime:0.0010s ]

[ 2016-07-29T11:22:19+08:00 ] 127.0.0.1 /xs/index.php/Home/Book/getRadomBook.html
INFO: [ app_begin ] --START--
INFO: Run Behavior\ReadHtmlCacheBehavior [ RunTime:0.000000s ]
INFO: [ app_begin ] --END-- [ RunTime:0.001000s ]
SQL: SHOW COLUMNS FROM `xs_book` [ RunTime:0.0030s ]
SQL: SHOW COLUMNS FROM `xs_book` [ RunTime:0.0020s ]
SQL: SELECT `id`,`book_img`,`book_name`,`book_len`,`book_type` FROM `xs_book` WHERE ( book_type = '都市生活' ) ORDER BY rand() LIMIT 3   [ RunTime:0.0010s ]

[ 2016-07-29T11:22:20+08:00 ] 127.0.0.1 /xs/index.php/Home/Book/getRadomBook.html
INFO: [ app_begin ] --START--
INFO: Run Behavior\ReadHtmlCacheBehavior [ RunTime:0.001000s ]
INFO: [ app_begin ] --END-- [ RunTime:0.001000s ]
SQL: SHOW COLUMNS FROM `xs_book` [ RunTime:0.0020s ]
SQL: SHOW COLUMNS FROM `xs_book` [ RunTime:0.0020s ]
SQL: SELECT `id`,`book_img`,`book_name`,`book_len`,`book_type` FROM `xs_book` WHERE ( book_type = '都市生活' ) ORDER BY rand() LIMIT 3   [ RunTime:0.0010s ]

[ 2016-07-29T11:25:03+08:00 ] 127.0.0.1 /xs/index.php/Home/Book/getRadomBook.html
INFO: [ app_begin ] --START--
INFO: Run Behavior\ReadHtmlCacheBehavior [ RunTime:0.000000s ]
INFO: [ app_begin ] --END-- [ RunTime:0.001000s ]
SQL: SHOW COLUMNS FROM `xs_book` [ RunTime:0.0010s ]
SQL: SHOW COLUMNS FROM `xs_book` [ RunTime:0.0010s ]
SQL: SELECT `id`,`book_img`,`book_name`,`book_len`,`book_type` FROM `xs_book` WHERE ( book_type = '都市生活' ) ORDER BY rand() LIMIT 3   [ RunTime:0.0000s ]

[ 2016-07-29T11:27:27+08:00 ] 127.0.0.1 /xs/index.php/Home/Book/getRadomBook.html
INFO: [ app_begin ] --START--
INFO: Run Behavior\ReadHtmlCacheBehavior [ RunTime:0.000000s ]
INFO: [ app_begin ] --END-- [ RunTime:0.000000s ]
SQL: SHOW COLUMNS FROM `xs_book` [ RunTime:0.0010s ]
SQL: SHOW COLUMNS FROM `xs_book` [ RunTime:0.0020s ]
SQL: SELECT `id`,`book_img`,`book_name`,`book_len`,`book_type` FROM `xs_book` WHERE ( book_type = '都市生活' ) ORDER BY rand() LIMIT 3   [ RunTime:0.0000s ]

[ 2016-07-29T11:27:28+08:00 ] 127.0.0.1 /xs/index.php/Home/Book/getRadomBook.html
INFO: [ app_begin ] --START--
INFO: Run Behavior\ReadHtmlCacheBehavior [ RunTime:0.000000s ]
INFO: [ app_begin ] --END-- [ RunTime:0.000000s ]
SQL: SHOW COLUMNS FROM `xs_book` [ RunTime:0.0010s ]
SQL: SHOW COLUMNS FROM `xs_book` [ RunTime:0.0010s ]
SQL: SELECT `id`,`book_img`,`book_name`,`book_len`,`book_type` FROM `xs_book` WHERE ( book_type = '都市生活' ) ORDER BY rand() LIMIT 3   [ RunTime:0.0000s ]

[ 2016-07-29T11:27:28+08:00 ] 127.0.0.1 /xs/index.php/Home/Book/getRadomBook.html
INFO: [ app_begin ] --START--
INFO: Run Behavior\ReadHtmlCacheBehavior [ RunTime:0.001000s ]
INFO: [ app_begin ] --END-- [ RunTime:0.002000s ]
SQL: SHOW COLUMNS FROM `xs_book` [ RunTime:0.0010s ]
SQL: SHOW COLUMNS FROM `xs_book` [ RunTime:0.0010s ]
SQL: SELECT `id`,`book_img`,`book_name`,`book_len`,`book_type` FROM `xs_book` WHERE ( book_type = '都市生活' ) ORDER BY rand() LIMIT 3   [ RunTime:0.0000s ]

[ 2016-07-29T11:27:31+08:00 ] 127.0.0.1 /xs/index.php/Home/Book/getRadomBook.html
INFO: [ app_begin ] --START--
INFO: Run Behavior\ReadHtmlCacheBehavior [ RunTime:0.000000s ]
INFO: [ app_begin ] --END-- [ RunTime:0.001000s ]
SQL: SHOW COLUMNS FROM `xs_book` [ RunTime:0.0010s ]
SQL: SHOW COLUMNS FROM `xs_book` [ RunTime:0.0020s ]
SQL: SELECT `id`,`book_img`,`book_name`,`book_len`,`book_type` FROM `xs_book` WHERE ( book_type = '都市生活' ) ORDER BY rand() LIMIT 3   [ RunTime:0.0000s ]

[ 2016-07-29T11:27:32+08:00 ] 127.0.0.1 /xs/index.php/Home/Book/getRadomBook.html
INFO: [ app_begin ] --START--
INFO: Run Behavior\ReadHtmlCacheBehavior [ RunTime:0.000000s ]
INFO: [ app_begin ] --END-- [ RunTime:0.001000s ]
SQL: SHOW COLUMNS FROM `xs_book` [ RunTime:0.0030s ]
SQL: SHOW COLUMNS FROM `xs_book` [ RunTime:0.0030s ]
SQL: SELECT `id`,`book_img`,`book_name`,`book_len`,`book_type` FROM `xs_book` WHERE ( book_type = '都市生活' ) ORDER BY rand() LIMIT 3   [ RunTime:0.0000s ]

[ 2016-07-29T11:28:02+08:00 ] 127.0.0.1 /xs/index.php/Home/Book/getRadomBook.html
INFO: [ app_begin ] --START--
INFO: Run Behavior\ReadHtmlCacheBehavior [ RunTime:0.000000s ]
INFO: [ app_begin ] --END-- [ RunTime:0.001000s ]
SQL: SHOW COLUMNS FROM `xs_book` [ RunTime:0.0030s ]
SQL: SHOW COLUMNS FROM `xs_book` [ RunTime:0.0020s ]
SQL: SELECT `id`,`book_img`,`book_name`,`book_len`,`book_type` FROM `xs_book` WHERE ( book_type = '都市生活' ) ORDER BY rand() LIMIT 3   [ RunTime:0.0000s ]

[ 2016-07-29T11:28:02+08:00 ] 127.0.0.1 /xs/index.php/Home/Book/getRadomBook.html
INFO: [ app_begin ] --START--
INFO: Run Behavior\ReadHtmlCacheBehavior [ RunTime:0.001000s ]
INFO: [ app_begin ] --END-- [ RunTime:0.002000s ]
SQL: SHOW COLUMNS FROM `xs_book` [ RunTime:0.0030s ]
SQL: SHOW COLUMNS FROM `xs_book` [ RunTime:0.0030s ]
SQL: SELECT `id`,`book_img`,`book_name`,`book_len`,`book_type` FROM `xs_book` WHERE ( book_type = '都市生活' ) ORDER BY rand() LIMIT 3   [ RunTime:0.0010s ]

[ 2016-07-29T11:28:03+08:00 ] 127.0.0.1 /xs/index.php/Home/Book/getRadomBook.html
INFO: [ app_begin ] --START--
INFO: Run Behavior\ReadHtmlCacheBehavior [ RunTime:0.002000s ]
INFO: [ app_begin ] --END-- [ RunTime:0.003000s ]
SQL: SHOW COLUMNS FROM `xs_book` [ RunTime:0.0030s ]
SQL: SHOW COLUMNS FROM `xs_book` [ RunTime:0.0030s ]
SQL: SELECT `id`,`book_img`,`book_name`,`book_len`,`book_type` FROM `xs_book` WHERE ( book_type = '都市生活' ) ORDER BY rand() LIMIT 3   [ RunTime:0.0010s ]

[ 2016-07-29T11:28:04+08:00 ] 127.0.0.1 /xs/index.php/Home/Book/getRadomBook.html
INFO: [ app_begin ] --START--
INFO: Run Behavior\ReadHtmlCacheBehavior [ RunTime:0.002000s ]
INFO: [ app_begin ] --END-- [ RunTime:0.003000s ]
SQL: SHOW COLUMNS FROM `xs_book` [ RunTime:0.0020s ]
SQL: SHOW COLUMNS FROM `xs_book` [ RunTime:0.0030s ]
SQL: SELECT `id`,`book_img`,`book_name`,`book_len`,`book_type` FROM `xs_book` WHERE ( book_type = '都市生活' ) ORDER BY rand() LIMIT 3   [ RunTime:0.0000s ]

[ 2016-07-29T11:28:16+08:00 ] 127.0.0.1 /xs/index.php/Home/Book/getRadomBook.html
INFO: [ app_begin ] --START--
INFO: Run Behavior\ReadHtmlCacheBehavior [ RunTime:0.000000s ]
INFO: [ app_begin ] --END-- [ RunTime:0.001000s ]
SQL: SHOW COLUMNS FROM `xs_book` [ RunTime:0.0020s ]
SQL: SHOW COLUMNS FROM `xs_book` [ RunTime:0.0020s ]
SQL: SELECT `id`,`book_img`,`book_name`,`book_len`,`book_type` FROM `xs_book` WHERE ( book_type = '都市生活' ) ORDER BY rand() LIMIT 3   [ RunTime:0.0000s ]

[ 2016-07-29T11:28:18+08:00 ] 127.0.0.1 /xs/index.php/Home/Book/getRadomBook.html
INFO: [ app_begin ] --START--
INFO: Run Behavior\ReadHtmlCacheBehavior [ RunTime:0.001000s ]
INFO: [ app_begin ] --END-- [ RunTime:0.001000s ]
SQL: SHOW COLUMNS FROM `xs_book` [ RunTime:0.0010s ]
SQL: SHOW COLUMNS FROM `xs_book` [ RunTime:0.0010s ]
SQL: SELECT `id`,`book_img`,`book_name`,`book_len`,`book_type` FROM `xs_book` WHERE ( book_type = '都市生活' ) ORDER BY rand() LIMIT 3   [ RunTime:0.0000s ]

[ 2016-07-29T11:28:19+08:00 ] 127.0.0.1 /xs/index.php/Home/Book/getRadomBook.html
INFO: [ app_begin ] --START--
INFO: Run Behavior\ReadHtmlCacheBehavior [ RunTime:0.000000s ]
INFO: [ app_begin ] --END-- [ RunTime:0.001000s ]
SQL: SHOW COLUMNS FROM `xs_book` [ RunTime:0.0010s ]
SQL: SHOW COLUMNS FROM `xs_book` [ RunTime:0.0010s ]
SQL: SELECT `id`,`book_img`,`book_name`,`book_len`,`book_type` FROM `xs_book` WHERE ( book_type = '都市生活' ) ORDER BY rand() LIMIT 3   [ RunTime:0.0000s ]

[ 2016-07-29T11:28:20+08:00 ] 127.0.0.1 /xs/index.php/Home/Book/getRadomBook.html
INFO: [ app_begin ] --START--
INFO: Run Behavior\ReadHtmlCacheBehavior [ RunTime:0.000000s ]
INFO: [ app_begin ] --END-- [ RunTime:0.000000s ]
SQL: SHOW COLUMNS FROM `xs_book` [ RunTime:0.0020s ]
SQL: SHOW COLUMNS FROM `xs_book` [ RunTime:0.0010s ]
SQL: SELECT `id`,`book_img`,`book_name`,`book_len`,`book_type` FROM `xs_book` WHERE ( book_type = '都市生活' ) ORDER BY rand() LIMIT 3   [ RunTime:0.0000s ]

[ 2016-07-29T11:28:20+08:00 ] 127.0.0.1 /xs/index.php/Home/Book/getRadomBook.html
INFO: [ app_begin ] --START--
INFO: Run Behavior\ReadHtmlCacheBehavior [ RunTime:0.001000s ]
INFO: [ app_begin ] --END-- [ RunTime:0.001000s ]
SQL: SHOW COLUMNS FROM `xs_book` [ RunTime:0.0010s ]
SQL: SHOW COLUMNS FROM `xs_book` [ RunTime:0.0020s ]
SQL: SELECT `id`,`book_img`,`book_name`,`book_len`,`book_type` FROM `xs_book` WHERE ( book_type = '都市生活' ) ORDER BY rand() LIMIT 3   [ RunTime:0.0000s ]

[ 2016-07-29T11:28:20+08:00 ] 127.0.0.1 /xs/index.php/Home/Book/getRadomBook.html
INFO: [ app_begin ] --START--
INFO: Run Behavior\ReadHtmlCacheBehavior [ RunTime:0.001000s ]
INFO: [ app_begin ] --END-- [ RunTime:0.001000s ]
SQL: SHOW COLUMNS FROM `xs_book` [ RunTime:0.0020s ]
SQL: SHOW COLUMNS FROM `xs_book` [ RunTime:0.0010s ]
SQL: SELECT `id`,`book_img`,`book_name`,`book_len`,`book_type` FROM `xs_book` WHERE ( book_type = '都市生活' ) ORDER BY rand() LIMIT 3   [ RunTime:0.0000s ]

[ 2016-07-29T11:28:20+08:00 ] 127.0.0.1 /xs/index.php/Home/Book/getRadomBook.html
INFO: [ app_begin ] --START--
INFO: Run Behavior\ReadHtmlCacheBehavior [ RunTime:0.001000s ]
INFO: [ app_begin ] --END-- [ RunTime:0.001000s ]
SQL: SHOW COLUMNS FROM `xs_book` [ RunTime:0.0030s ]
SQL: SHOW COLUMNS FROM `xs_book` [ RunTime:0.0030s ]
SQL: SELECT `id`,`book_img`,`book_name`,`book_len`,`book_type` FROM `xs_book` WHERE ( book_type = '都市生活' ) ORDER BY rand() LIMIT 3   [ RunTime:0.0010s ]

[ 2016-07-29T11:28:20+08:00 ] 127.0.0.1 /xs/index.php/Home/Book/getRadomBook.html
INFO: [ app_begin ] --START--
INFO: Run Behavior\ReadHtmlCacheBehavior [ RunTime:0.001000s ]
INFO: [ app_begin ] --END-- [ RunTime:0.001000s ]
SQL: SHOW COLUMNS FROM `xs_book` [ RunTime:0.0030s ]
SQL: SHOW COLUMNS FROM `xs_book` [ RunTime:0.0020s ]
SQL: SELECT `id`,`book_img`,`book_name`,`book_len`,`book_type` FROM `xs_book` WHERE ( book_type = '都市生活' ) ORDER BY rand() LIMIT 3   [ RunTime:0.0000s ]

[ 2016-07-29T11:28:21+08:00 ] 127.0.0.1 /xs/index.php/Home/Book/getRadomBook.html
INFO: [ app_begin ] --START--
INFO: Run Behavior\ReadHtmlCacheBehavior [ RunTime:0.000000s ]
INFO: [ app_begin ] --END-- [ RunTime:0.001000s ]
SQL: SHOW COLUMNS FROM `xs_book` [ RunTime:0.0020s ]
SQL: SHOW COLUMNS FROM `xs_book` [ RunTime:0.0020s ]
SQL: SELECT `id`,`book_img`,`book_name`,`book_len`,`book_type` FROM `xs_book` WHERE ( book_type = '都市生活' ) ORDER BY rand() LIMIT 3   [ RunTime:0.0010s ]

[ 2016-07-29T11:28:21+08:00 ] 127.0.0.1 /xs/index.php/Home/Book/getRadomBook.html
INFO: [ app_begin ] --START--
INFO: Run Behavior\ReadHtmlCacheBehavior [ RunTime:0.001000s ]
INFO: [ app_begin ] --END-- [ RunTime:0.002000s ]
SQL: SHOW COLUMNS FROM `xs_book` [ RunTime:0.0020s ]
SQL: SHOW COLUMNS FROM `xs_book` [ RunTime:0.0010s ]
SQL: SELECT `id`,`book_img`,`book_name`,`book_len`,`book_type` FROM `xs_book` WHERE ( book_type = '都市生活' ) ORDER BY rand() LIMIT 3   [ RunTime:0.0000s ]

[ 2016-07-29T11:29:10+08:00 ] 127.0.0.1 /xs/index.php/Home/Book/getRadomBook.html
INFO: [ app_begin ] --START--
INFO: Run Behavior\ReadHtmlCacheBehavior [ RunTime:0.001000s ]
INFO: [ app_begin ] --END-- [ RunTime:0.001000s ]
SQL: SHOW COLUMNS FROM `xs_book` [ RunTime:0.0010s ]
SQL: SHOW COLUMNS FROM `xs_book` [ RunTime:0.0020s ]
SQL: SELECT `id`,`book_img`,`book_name`,`book_len`,`book_type` FROM `xs_book` WHERE ( book_type = '都市生活' ) ORDER BY rand() LIMIT 3   [ RunTime:0.0000s ]

[ 2016-07-29T11:29:12+08:00 ] 127.0.0.1 /xs/index.php/Home/Book/getRadomBook.html
INFO: [ app_begin ] --START--
INFO: Run Behavior\ReadHtmlCacheBehavior [ RunTime:0.000000s ]
INFO: [ app_begin ] --END-- [ RunTime:0.001000s ]
SQL: SHOW COLUMNS FROM `xs_book` [ RunTime:0.0020s ]
SQL: SHOW COLUMNS FROM `xs_book` [ RunTime:0.0010s ]
SQL: SELECT `id`,`book_img`,`book_name`,`book_len`,`book_type` FROM `xs_book` WHERE ( book_type = '都市生活' ) ORDER BY rand() LIMIT 3   [ RunTime:0.0000s ]

[ 2016-07-29T11:29:14+08:00 ] 127.0.0.1 /xs/index.php/Home/Book/getRadomBook.html
INFO: [ app_begin ] --START--
INFO: Run Behavior\ReadHtmlCacheBehavior [ RunTime:0.001001s ]
INFO: [ app_begin ] --END-- [ RunTime:0.001001s ]
SQL: SHOW COLUMNS FROM `xs_book` [ RunTime:0.0040s ]
SQL: SHOW COLUMNS FROM `xs_book` [ RunTime:0.0030s ]
SQL: SELECT `id`,`book_img`,`book_name`,`book_len`,`book_type` FROM `xs_book` WHERE ( book_type = '都市生活' ) ORDER BY rand() LIMIT 3   [ RunTime:0.0000s ]

[ 2016-07-29T11:29:21+08:00 ] 127.0.0.1 /xs/index.php/Home/Book/getRadomBook.html
INFO: [ app_begin ] --START--
INFO: Run Behavior\ReadHtmlCacheBehavior [ RunTime:0.001000s ]
INFO: [ app_begin ] --END-- [ RunTime:0.002000s ]
SQL: SHOW COLUMNS FROM `xs_book` [ RunTime:0.0010s ]
SQL: SHOW COLUMNS FROM `xs_book` [ RunTime:0.0010s ]
SQL: SELECT `id`,`book_img`,`book_name`,`book_len`,`book_type` FROM `xs_book` WHERE ( book_type = '都市生活' ) ORDER BY rand() LIMIT 3   [ RunTime:0.0010s ]

[ 2016-07-29T11:29:23+08:00 ] 127.0.0.1 /xs/index.php/Home/Book/getRadomBook.html
INFO: [ app_begin ] --START--
INFO: Run Behavior\ReadHtmlCacheBehavior [ RunTime:0.000000s ]
INFO: [ app_begin ] --END-- [ RunTime:0.001000s ]
SQL: SHOW COLUMNS FROM `xs_book` [ RunTime:0.0020s ]
SQL: SHOW COLUMNS FROM `xs_book` [ RunTime:0.0010s ]
SQL: SELECT `id`,`book_img`,`book_name`,`book_len`,`book_type` FROM `xs_book` WHERE ( book_type = '都市生活' ) ORDER BY rand() LIMIT 3   [ RunTime:0.0010s ]

[ 2016-07-29T11:29:25+08:00 ] 127.0.0.1 /xs/index.php/Home/Book/getRadomBook.html
INFO: [ app_begin ] --START--
INFO: Run Behavior\ReadHtmlCacheBehavior [ RunTime:0.001000s ]
INFO: [ app_begin ] --END-- [ RunTime:0.001000s ]
SQL: SHOW COLUMNS FROM `xs_book` [ RunTime:0.0010s ]
SQL: SHOW COLUMNS FROM `xs_book` [ RunTime:0.0020s ]
SQL: SELECT `id`,`book_img`,`book_name`,`book_len`,`book_type` FROM `xs_book` WHERE ( book_type = '都市生活' ) ORDER BY rand() LIMIT 3   [ RunTime:0.0000s ]

[ 2016-07-29T11:29:28+08:00 ] 127.0.0.1 /xs/index.php/Home/Book/getRadomBook.html
INFO: [ app_begin ] --START--
INFO: Run Behavior\ReadHtmlCacheBehavior [ RunTime:0.001000s ]
INFO: [ app_begin ] --END-- [ RunTime:0.001000s ]
SQL: SHOW COLUMNS FROM `xs_book` [ RunTime:0.0010s ]
SQL: SHOW COLUMNS FROM `xs_book` [ RunTime:0.0010s ]
SQL: SELECT `id`,`book_img`,`book_name`,`book_len`,`book_type` FROM `xs_book` WHERE ( book_type = '都市生活' ) ORDER BY rand() LIMIT 3   [ RunTime:0.0010s ]

[ 2016-07-29T11:29:29+08:00 ] 127.0.0.1 /xs/index.php/Home/Book/getRadomBook.html
INFO: [ app_begin ] --START--
INFO: Run Behavior\ReadHtmlCacheBehavior [ RunTime:0.001001s ]
INFO: [ app_begin ] --END-- [ RunTime:0.001001s ]
SQL: SHOW COLUMNS FROM `xs_book` [ RunTime:0.0020s ]
SQL: SHOW COLUMNS FROM `xs_book` [ RunTime:0.0010s ]
SQL: SELECT `id`,`book_img`,`book_name`,`book_len`,`book_type` FROM `xs_book` WHERE ( book_type = '都市生活' ) ORDER BY rand() LIMIT 3   [ RunTime:0.0000s ]

[ 2016-07-29T11:30:30+08:00 ] 127.0.0.1 /xs/index.php/Home/Book/getRadomBook.html
INFO: [ app_begin ] --START--
INFO: Run Behavior\ReadHtmlCacheBehavior [ RunTime:0.001000s ]
INFO: [ app_begin ] --END-- [ RunTime:0.001000s ]
SQL: SHOW COLUMNS FROM `xs_book` [ RunTime:0.0020s ]
SQL: SHOW COLUMNS FROM `xs_book` [ RunTime:0.0010s ]
SQL: SELECT `id`,`book_img`,`book_name`,`book_len`,`book_type` FROM `xs_book` WHERE ( book_type = '都市生活' ) ORDER BY rand() LIMIT 3   [ RunTime:0.0010s ]

[ 2016-07-29T11:30:35+08:00 ] 127.0.0.1 /xs/index.php/Home/Book/getRadomBook.html
INFO: [ app_begin ] --START--
INFO: Run Behavior\ReadHtmlCacheBehavior [ RunTime:0.001000s ]
INFO: [ app_begin ] --END-- [ RunTime:0.001000s ]
SQL: SHOW COLUMNS FROM `xs_book` [ RunTime:0.0020s ]
SQL: SHOW COLUMNS FROM `xs_book` [ RunTime:0.0020s ]
SQL: SELECT `id`,`book_img`,`book_name`,`book_len`,`book_type` FROM `xs_book` WHERE ( book_type = '都市生活' ) ORDER BY rand() LIMIT 3   [ RunTime:0.0010s ]

[ 2016-07-29T11:30:37+08:00 ] 127.0.0.1 /xs/index.php/Home/Book/getRadomBook.html
INFO: [ app_begin ] --START--
INFO: Run Behavior\ReadHtmlCacheBehavior [ RunTime:0.001000s ]
INFO: [ app_begin ] --END-- [ RunTime:0.003000s ]
SQL: SHOW COLUMNS FROM `xs_book` [ RunTime:0.0030s ]
SQL: SHOW COLUMNS FROM `xs_book` [ RunTime:0.0020s ]
SQL: SELECT `id`,`book_img`,`book_name`,`book_len`,`book_type` FROM `xs_book` WHERE ( book_type = '都市生活' ) ORDER BY rand() LIMIT 3   [ RunTime:0.0010s ]

[ 2016-07-29T11:31:05+08:00 ] 127.0.0.1 /xs/index.php/Home/Book/getRadomBook.html
INFO: [ app_begin ] --START--
INFO: Run Behavior\ReadHtmlCacheBehavior [ RunTime:0.001000s ]
INFO: [ app_begin ] --END-- [ RunTime:0.001000s ]
SQL: SHOW COLUMNS FROM `xs_book` [ RunTime:0.0020s ]
SQL: SHOW COLUMNS FROM `xs_book` [ RunTime:0.0010s ]
SQL: SELECT `id`,`book_img`,`book_name`,`book_len`,`book_type` FROM `xs_book` WHERE ( book_type = '都市生活' ) ORDER BY rand() LIMIT 3   [ RunTime:0.0000s ]

[ 2016-07-29T11:31:06+08:00 ] 127.0.0.1 /xs/index.php/Home/Book/getRadomBook.html
INFO: [ app_begin ] --START--
INFO: Run Behavior\ReadHtmlCacheBehavior [ RunTime:0.001000s ]
INFO: [ app_begin ] --END-- [ RunTime:0.001000s ]
SQL: SHOW COLUMNS FROM `xs_book` [ RunTime:0.0020s ]
SQL: SHOW COLUMNS FROM `xs_book` [ RunTime:0.0020s ]
SQL: SELECT `id`,`book_img`,`book_name`,`book_len`,`book_type` FROM `xs_book` WHERE ( book_type = '都市生活' ) ORDER BY rand() LIMIT 3   [ RunTime:0.0010s ]

[ 2016-07-29T11:31:14+08:00 ] 127.0.0.1 /xs/index.php/Home/Book/getRadomBook.html
INFO: [ app_begin ] --START--
INFO: Run Behavior\ReadHtmlCacheBehavior [ RunTime:0.000000s ]
INFO: [ app_begin ] --END-- [ RunTime:0.001000s ]
SQL: SHOW COLUMNS FROM `xs_book` [ RunTime:0.0020s ]
SQL: SHOW COLUMNS FROM `xs_book` [ RunTime:0.0020s ]
SQL: SELECT `id`,`book_img`,`book_name`,`book_len`,`book_type` FROM `xs_book` WHERE ( book_type = '都市生活' ) ORDER BY rand() LIMIT 3   [ RunTime:0.0010s ]

[ 2016-07-29T11:31:32+08:00 ] 127.0.0.1 /xs/index.php/Home/Book/getRadomBook.html
INFO: [ app_begin ] --START--
INFO: Run Behavior\ReadHtmlCacheBehavior [ RunTime:0.000000s ]
INFO: [ app_begin ] --END-- [ RunTime:0.001000s ]
SQL: SHOW COLUMNS FROM `xs_book` [ RunTime:0.0020s ]
SQL: SHOW COLUMNS FROM `xs_book` [ RunTime:0.0010s ]
SQL: SELECT `id`,`book_img`,`book_name`,`book_len`,`book_type` FROM `xs_book` WHERE ( book_type = '都市生活' ) ORDER BY rand() LIMIT 3   [ RunTime:0.0010s ]

[ 2016-07-29T11:31:46+08:00 ] 127.0.0.1 /xs/index.php/Home/Book/getRadomBook.html
INFO: [ app_begin ] --START--
INFO: Run Behavior\ReadHtmlCacheBehavior [ RunTime:0.000000s ]
INFO: [ app_begin ] --END-- [ RunTime:0.001000s ]
SQL: SHOW COLUMNS FROM `xs_book` [ RunTime:0.0010s ]
SQL: SHOW COLUMNS FROM `xs_book` [ RunTime:0.0020s ]
SQL: SELECT `id`,`book_img`,`book_name`,`book_len`,`book_type` FROM `xs_book` WHERE ( book_type = '都市生活' ) ORDER BY rand() LIMIT 3   [ RunTime:0.0000s ]

[ 2016-07-29T11:32:00+08:00 ] 127.0.0.1 /xs/index.php/Home/Book/getRadomBook.html
INFO: [ app_begin ] --START--
INFO: Run Behavior\ReadHtmlCacheBehavior [ RunTime:0.000000s ]
INFO: [ app_begin ] --END-- [ RunTime:0.001000s ]
SQL: SHOW COLUMNS FROM `xs_book` [ RunTime:0.0010s ]
SQL: SHOW COLUMNS FROM `xs_book` [ RunTime:0.0010s ]
SQL: SELECT `id`,`book_img`,`book_name`,`book_len`,`book_type` FROM `xs_book` WHERE ( book_type = '都市生活' ) ORDER BY rand() LIMIT 3   [ RunTime:0.0000s ]

