[ 2016-08-02T09:09:04+08:00 ] 127.0.0.1 /xs/index.php/Home/Book/getRadomBook.html
INFO: [ app_begin ] --START--
INFO: Run Behavior\ReadHtmlCacheBehavior [ RunTime:0.000000s ]
INFO: [ app_begin ] --END-- [ RunTime:0.000000s ]
SQL: SHOW COLUMNS FROM `xs_book` [ RunTime:0.0010s ]
SQL: SHOW COLUMNS FROM `xs_book` [ RunTime:0.0020s ]
SQL: SELECT `id`,`book_img`,`book_name`,`book_len`,`book_type` FROM `xs_book` WHERE ( book_type = '都市生活' ) ORDER BY rand() LIMIT 3   [ RunTime:0.0020s ]

[ 2016-08-02T09:09:10+08:00 ] 127.0.0.1 /xs/index.php/Home/Book/getRadomBook.html
INFO: [ app_begin ] --START--
INFO: Run Behavior\ReadHtmlCacheBehavior [ RunTime:0.001000s ]
INFO: [ app_begin ] --END-- [ RunTime:0.001000s ]
SQL: SHOW COLUMNS FROM `xs_book` [ RunTime:0.0010s ]
SQL: SHOW COLUMNS FROM `xs_book` [ RunTime:0.0010s ]
SQL: SELECT `id`,`book_img`,`book_name`,`book_len`,`book_type` FROM `xs_book` WHERE ( book_type = '都市生活' ) ORDER BY rand() LIMIT 3   [ RunTime:0.0010s ]

[ 2016-08-02T09:09:12+08:00 ] 127.0.0.1 /xs/index.php/Home/Book/getRadomBook.html
INFO: [ app_begin ] --START--
INFO: Run Behavior\ReadHtmlCacheBehavior [ RunTime:0.000000s ]
INFO: [ app_begin ] --END-- [ RunTime:0.001000s ]
SQL: SHOW COLUMNS FROM `xs_book` [ RunTime:0.0010s ]
SQL: SHOW COLUMNS FROM `xs_book` [ RunTime:0.0020s ]
SQL: SELECT `id`,`book_img`,`book_name`,`book_len`,`book_type` FROM `xs_book` WHERE ( book_type = '都市生活' ) ORDER BY rand() LIMIT 3   [ RunTime:0.0000s ]

[ 2016-08-02T09:09:13+08:00 ] 127.0.0.1 /xs/index.php/Home/Book/getRadomBook.html
INFO: [ app_begin ] --START--
INFO: Run Behavior\ReadHtmlCacheBehavior [ RunTime:0.001000s ]
INFO: [ app_begin ] --END-- [ RunTime:0.001000s ]
SQL: SHOW COLUMNS FROM `xs_book` [ RunTime:0.0020s ]
SQL: SHOW COLUMNS FROM `xs_book` [ RunTime:0.0020s ]
SQL: SELECT `id`,`book_img`,`book_name`,`book_len`,`book_type` FROM `xs_book` WHERE ( book_type = '都市生活' ) ORDER BY rand() LIMIT 3   [ RunTime:0.0000s ]

[ 2016-08-02T09:09:15+08:00 ] 127.0.0.1 /xs/index.php/Home/Book/getRadomBook.html
INFO: [ app_begin ] --START--
INFO: Run Behavior\ReadHtmlCacheBehavior [ RunTime:0.000000s ]
INFO: [ app_begin ] --END-- [ RunTime:0.001000s ]
SQL: SHOW COLUMNS FROM `xs_book` [ RunTime:0.0010s ]
SQL: SHOW COLUMNS FROM `xs_book` [ RunTime:0.0010s ]
SQL: SELECT `id`,`book_img`,`book_name`,`book_len`,`book_type` FROM `xs_book` WHERE ( book_type = '都市生活' ) ORDER BY rand() LIMIT 3   [ RunTime:0.0000s ]

[ 2016-08-02T09:09:19+08:00 ] 127.0.0.1 /xs/index.php/Home/Book/getRadomBook.html
INFO: [ app_begin ] --START--
INFO: Run Behavior\ReadHtmlCacheBehavior [ RunTime:0.001000s ]
INFO: [ app_begin ] --END-- [ RunTime:0.001000s ]
SQL: SHOW COLUMNS FROM `xs_book` [ RunTime:0.0010s ]
SQL: SHOW COLUMNS FROM `xs_book` [ RunTime:0.0010s ]
SQL: SELECT `id`,`book_img`,`book_name`,`book_len`,`book_type` FROM `xs_book` WHERE ( book_type = '都市生活' ) ORDER BY rand() LIMIT 3   [ RunTime:0.0000s ]

[ 2016-08-02T09:09:24+08:00 ] 127.0.0.1 /xs/index.php/Home/Book/getRadomBook.html
INFO: [ app_begin ] --START--
INFO: Run Behavior\ReadHtmlCacheBehavior [ RunTime:0.000000s ]
INFO: [ app_begin ] --END-- [ RunTime:0.000000s ]
SQL: SHOW COLUMNS FROM `xs_book` [ RunTime:0.0010s ]
SQL: SHOW COLUMNS FROM `xs_book` [ RunTime:0.0010s ]
SQL: SELECT `id`,`book_img`,`book_name`,`book_len`,`book_type` FROM `xs_book` WHERE ( book_type = '都市生活' ) ORDER BY rand() LIMIT 3   [ RunTime:0.0010s ]

[ 2016-08-02T09:09:26+08:00 ] 127.0.0.1 /xs/index.php/Home/Book/getRadomBook.html
INFO: [ app_begin ] --START--
INFO: Run Behavior\ReadHtmlCacheBehavior [ RunTime:0.000000s ]
INFO: [ app_begin ] --END-- [ RunTime:0.001000s ]
SQL: SHOW COLUMNS FROM `xs_book` [ RunTime:0.0010s ]
SQL: SHOW COLUMNS FROM `xs_book` [ RunTime:0.0010s ]
SQL: SELECT `id`,`book_img`,`book_name`,`book_len`,`book_type` FROM `xs_book` WHERE ( book_type = '都市生活' ) ORDER BY rand() LIMIT 3   [ RunTime:0.0010s ]

[ 2016-08-02T09:09:29+08:00 ] 127.0.0.1 /xs/index.php/Home/Book/getRadomBook.html
INFO: [ app_begin ] --START--
INFO: Run Behavior\ReadHtmlCacheBehavior [ RunTime:0.000000s ]
INFO: [ app_begin ] --END-- [ RunTime:0.000000s ]
SQL: SHOW COLUMNS FROM `xs_book` [ RunTime:0.0020s ]
SQL: SHOW COLUMNS FROM `xs_book` [ RunTime:0.0030s ]
SQL: SELECT `id`,`book_img`,`book_name`,`book_len`,`book_type` FROM `xs_book` WHERE ( book_type = '都市生活' ) ORDER BY rand() LIMIT 3   [ RunTime:0.0010s ]

[ 2016-08-02T09:09:33+08:00 ] 127.0.0.1 /xs/index.php/Home/Book/getRadomBook.html
INFO: [ app_begin ] --START--
INFO: Run Behavior\ReadHtmlCacheBehavior [ RunTime:0.000000s ]
INFO: [ app_begin ] --END-- [ RunTime:0.001000s ]
SQL: SHOW COLUMNS FROM `xs_book` [ RunTime:0.0010s ]
SQL: SHOW COLUMNS FROM `xs_book` [ RunTime:0.0010s ]
SQL: SELECT `id`,`book_img`,`book_name`,`book_len`,`book_type` FROM `xs_book` WHERE ( book_type = '都市生活' ) ORDER BY rand() LIMIT 3   [ RunTime:0.0010s ]

[ 2016-08-02T09:09:34+08:00 ] 127.0.0.1 /xs/index.php/Home/Book/getRadomBook.html
INFO: [ app_begin ] --START--
INFO: Run Behavior\ReadHtmlCacheBehavior [ RunTime:0.001000s ]
INFO: [ app_begin ] --END-- [ RunTime:0.001000s ]
SQL: SHOW COLUMNS FROM `xs_book` [ RunTime:0.0030s ]
SQL: SHOW COLUMNS FROM `xs_book` [ RunTime:0.0020s ]
SQL: SELECT `id`,`book_img`,`book_name`,`book_len`,`book_type` FROM `xs_book` WHERE ( book_type = '都市生活' ) ORDER BY rand() LIMIT 3   [ RunTime:0.0000s ]

[ 2016-08-02T09:09:42+08:00 ] 127.0.0.1 /xs/index.php/Home/Book/getRadomBook.html
INFO: [ app_begin ] --START--
INFO: Run Behavior\ReadHtmlCacheBehavior [ RunTime:0.000000s ]
INFO: [ app_begin ] --END-- [ RunTime:0.000000s ]
SQL: SHOW COLUMNS FROM `xs_book` [ RunTime:0.0020s ]
SQL: SHOW COLUMNS FROM `xs_book` [ RunTime:0.0010s ]
SQL: SELECT `id`,`book_img`,`book_name`,`book_len`,`book_type` FROM `xs_book` WHERE ( book_type = '都市生活' ) ORDER BY rand() LIMIT 3   [ RunTime:0.0010s ]

[ 2016-08-02T09:19:03+08:00 ] 127.0.0.1 /xs/index.php/Home/Book/getRadomBook.html
INFO: [ app_begin ] --START--
INFO: Run Behavior\ReadHtmlCacheBehavior [ RunTime:0.000000s ]
INFO: [ app_begin ] --END-- [ RunTime:0.000000s ]
SQL: SHOW COLUMNS FROM `xs_book` [ RunTime:0.0040s ]
SQL: SHOW COLUMNS FROM `xs_book` [ RunTime:0.0050s ]
SQL: SELECT `id`,`book_img`,`book_name`,`book_len`,`book_type` FROM `xs_book` WHERE ( book_type = '都市生活' ) ORDER BY rand() LIMIT 3   [ RunTime:0.0010s ]

[ 2016-08-02T09:19:05+08:00 ] 127.0.0.1 /xs/index.php/Home/Book/getRadomBook.html
INFO: [ app_begin ] --START--
INFO: Run Behavior\ReadHtmlCacheBehavior [ RunTime:0.001000s ]
INFO: [ app_begin ] --END-- [ RunTime:0.001000s ]
SQL: SHOW COLUMNS FROM `xs_book` [ RunTime:0.0020s ]
SQL: SHOW COLUMNS FROM `xs_book` [ RunTime:0.0020s ]
SQL: SELECT `id`,`book_img`,`book_name`,`book_len`,`book_type` FROM `xs_book` WHERE ( book_type = '都市生活' ) ORDER BY rand() LIMIT 3   [ RunTime:0.0010s ]

[ 2016-08-02T09:21:21+08:00 ] 127.0.0.1 /xs/index.php/Home/Book/getRadomBook.html
INFO: [ app_begin ] --START--
INFO: Run Behavior\ReadHtmlCacheBehavior [ RunTime:0.000000s ]
INFO: [ app_begin ] --END-- [ RunTime:0.000000s ]
SQL: SHOW COLUMNS FROM `xs_book` [ RunTime:0.0020s ]
SQL: SHOW COLUMNS FROM `xs_book` [ RunTime:0.0010s ]
SQL: SELECT `id`,`book_img`,`book_name`,`book_len`,`book_type` FROM `xs_book` WHERE ( book_type = '都市生活' ) ORDER BY rand() LIMIT 3   [ RunTime:0.0000s ]

[ 2016-08-02T09:21:23+08:00 ] 127.0.0.1 /xs/index.php/Home/Book/getRadomBook.html
INFO: [ app_begin ] --START--
INFO: Run Behavior\ReadHtmlCacheBehavior [ RunTime:0.000000s ]
INFO: [ app_begin ] --END-- [ RunTime:0.000000s ]
SQL: SHOW COLUMNS FROM `xs_book` [ RunTime:0.0040s ]
SQL: SHOW COLUMNS FROM `xs_book` [ RunTime:0.0010s ]
SQL: SELECT `id`,`book_img`,`book_name`,`book_len`,`book_type` FROM `xs_book` WHERE ( book_type = '都市生活' ) ORDER BY rand() LIMIT 3   [ RunTime:0.0000s ]

[ 2016-08-02T09:22:40+08:00 ] 127.0.0.1 /xs/index.php/Home/Book/getRadomBook.html
INFO: [ app_begin ] --START--
INFO: Run Behavior\ReadHtmlCacheBehavior [ RunTime:0.000000s ]
INFO: [ app_begin ] --END-- [ RunTime:0.000000s ]
SQL: SHOW COLUMNS FROM `xs_book` [ RunTime:0.0020s ]
SQL: SHOW COLUMNS FROM `xs_book` [ RunTime:0.0030s ]
SQL: SELECT `id`,`book_img`,`book_name`,`book_len`,`book_type` FROM `xs_book` WHERE ( book_type = '都市生活' ) ORDER BY rand() LIMIT 3   [ RunTime:0.0000s ]

[ 2016-08-02T09:22:42+08:00 ] 127.0.0.1 /xs/index.php/Home/Book/getRadomBook.html
INFO: [ app_begin ] --START--
INFO: Run Behavior\ReadHtmlCacheBehavior [ RunTime:0.000000s ]
INFO: [ app_begin ] --END-- [ RunTime:0.001000s ]
SQL: SHOW COLUMNS FROM `xs_book` [ RunTime:0.0010s ]
SQL: SHOW COLUMNS FROM `xs_book` [ RunTime:0.0010s ]
SQL: SELECT `id`,`book_img`,`book_name`,`book_len`,`book_type` FROM `xs_book` WHERE ( book_type = '都市生活' ) ORDER BY rand() LIMIT 3   [ RunTime:0.0010s ]

[ 2016-08-02T09:25:46+08:00 ] 127.0.0.1 /xs/index.php/Home/Book/getRadomBook.html
INFO: [ app_begin ] --START--
INFO: Run Behavior\ReadHtmlCacheBehavior [ RunTime:0.001000s ]
INFO: [ app_begin ] --END-- [ RunTime:0.001000s ]
SQL: SHOW COLUMNS FROM `xs_book` [ RunTime:0.0030s ]
SQL: SHOW COLUMNS FROM `xs_book` [ RunTime:0.0030s ]
SQL: SELECT `id`,`book_img`,`book_name`,`book_len`,`book_type` FROM `xs_book` WHERE ( book_type = '都市生活' ) ORDER BY rand() LIMIT 3   [ RunTime:0.0010s ]

[ 2016-08-02T09:25:48+08:00 ] 127.0.0.1 /xs/index.php/Home/Book/getRadomBook.html
INFO: [ app_begin ] --START--
INFO: Run Behavior\ReadHtmlCacheBehavior [ RunTime:0.000000s ]
INFO: [ app_begin ] --END-- [ RunTime:0.000000s ]
SQL: SHOW COLUMNS FROM `xs_book` [ RunTime:0.0010s ]
SQL: SHOW COLUMNS FROM `xs_book` [ RunTime:0.0010s ]
SQL: SELECT `id`,`book_img`,`book_name`,`book_len`,`book_type` FROM `xs_book` WHERE ( book_type = '都市生活' ) ORDER BY rand() LIMIT 3   [ RunTime:0.0010s ]

[ 2016-08-02T09:26:26+08:00 ] 127.0.0.1 /xs/index.php/Home/Book/getRadomBook.html
INFO: [ app_begin ] --START--
INFO: Run Behavior\ReadHtmlCacheBehavior [ RunTime:0.000000s ]
INFO: [ app_begin ] --END-- [ RunTime:0.000000s ]
SQL: SHOW COLUMNS FROM `xs_book` [ RunTime:0.0040s ]
SQL: SHOW COLUMNS FROM `xs_book` [ RunTime:0.0030s ]
SQL: SELECT `id`,`book_img`,`book_name`,`book_len`,`book_type` FROM `xs_book` WHERE ( book_type = '都市生活' ) ORDER BY rand() LIMIT 3   [ RunTime:0.0000s ]

[ 2016-08-02T09:30:28+08:00 ] 127.0.0.1 /xs/index.php/Home/Book/getRadomBook.html
INFO: [ app_begin ] --START--
INFO: Run Behavior\ReadHtmlCacheBehavior [ RunTime:0.000000s ]
INFO: [ app_begin ] --END-- [ RunTime:0.001000s ]
SQL: SHOW COLUMNS FROM `xs_book` [ RunTime:0.0010s ]
SQL: SHOW COLUMNS FROM `xs_book` [ RunTime:0.0010s ]
SQL: SELECT `id`,`book_img`,`book_name`,`book_len`,`book_type` FROM `xs_book` WHERE ( book_type = '都市生活' ) ORDER BY rand() LIMIT 3   [ RunTime:0.0000s ]

